Start testing: Jun 09 21:11 CEST
----------------------------------------------------------
1/179 Testing: ProcessFileDeathTest.MissingFileExitsWithCode1
1/179 Test: ProcessFileDeathTest.MissingFileExitsWithCode1
Command: "/mnt/c/Users/jikro/CLionProjects/qwc/build-wsl/tests/qwc_tests" "--gtest_filter=ProcessFileDeathTest.MissingFileExitsWithCode1" "--gtest_also_run_disabled_tests"
Directory: /mnt/c/Users/jikro/CLionProjects/qwc/build-wsl/tests
"ProcessFileDeathTest.MissingFileExitsWithCode1" start time: Jun 09 21:11 CEST
Output:
----------------------------------------------------------
Running main() from /mnt/c/Users/jikro/CLionProjects/qwc/thirdparty/googletest/googletest/src/gtest_main.cc
Note: Google Test filter = ProcessFileDeathTest.MissingFileExitsWithCode1
[==========] Running 1 test from 1 test suite.
[----------] Global test environment set-up.
[----------] 1 test from ProcessFileDeathTest
[ RUN      ] ProcessFileDeathTest.MissingFileExitsWithCode1
[       OK ] ProcessFileDeathTest.MissingFileExitsWithCode1 (1 ms)
[----------] 1 test from ProcessFileDeathTest (1 ms total)

[----------] Global test environment tear-down
[==========] 1 test from 1 test suite ran. (2 ms total)
[  PASSED  ] 1 test.
<end of output>
Test time =   0.02 sec
----------------------------------------------------------
Test Passed.
"ProcessFileDeathTest.MissingFileExitsWithCode1" end time: Jun 09 21:11 CEST
"ProcessFileDeathTest.MissingFileExitsWithCode1" time elapsed: 00:00:00
----------------------------------------------------------

2/179 Testing: Count.EmptyBuffer
2/179 Test: Count.EmptyBuffer
Command: "/mnt/c/Users/jikro/CLionProjects/qwc/build-wsl/tests/qwc_tests" "--gtest_filter=Count.EmptyBuffer" "--gtest_also_run_disabled_tests"
Directory: /mnt/c/Users/jikro/CLionProjects/qwc/build-wsl/tests
"Count.EmptyBuffer" start time: Jun 09 21:11 CEST
Output:
----------------------------------------------------------
Running main() from /mnt/c/Users/jikro/CLionProjects/qwc/thirdparty/googletest/googletest/src/gtest_main.cc
Note: Google Test filter = Count.EmptyBuffer
[==========] Running 1 test from 1 test suite.
[----------] Global test environment set-up.
[----------] 1 test from Count
[ RUN      ] Count.EmptyBuffer
[       OK ] Count.EmptyBuffer (0 ms)
[----------] 1 test from Count (0 ms total)

[----------] Global test environment tear-down
[==========] 1 test from 1 test suite ran. (0 ms total)
[  PASSED  ] 1 test.
<end of output>
Test time =   0.02 sec
----------------------------------------------------------
Test Passed.
"Count.EmptyBuffer" end time: Jun 09 21:11 CEST
"Count.EmptyBuffer" time elapsed: 00:00:00
----------------------------------------------------------

3/179 Testing: Count.ZeroLengthIgnoresPointer
3/179 Test: Count.ZeroLengthIgnoresPointer
Command: "/mnt/c/Users/jikro/CLionProjects/qwc/build-wsl/tests/qwc_tests" "--gtest_filter=Count.ZeroLengthIgnoresPointer" "--gtest_also_run_disabled_tests"
Directory: /mnt/c/Users/jikro/CLionProjects/qwc/build-wsl/tests
"Count.ZeroLengthIgnoresPointer" start time: Jun 09 21:11 CEST
Output:
----------------------------------------------------------
Running main() from /mnt/c/Users/jikro/CLionProjects/qwc/thirdparty/googletest/googletest/src/gtest_main.cc
Note: Google Test filter = Count.ZeroLengthIgnoresPointer
[==========] Running 1 test from 1 test suite.
[----------] Global test environment set-up.
[----------] 1 test from Count
[ RUN      ] Count.ZeroLengthIgnoresPointer
[       OK ] Count.ZeroLengthIgnoresPointer (0 ms)
[----------] 1 test from Count (0 ms total)

[----------] Global test environment tear-down
[==========] 1 test from 1 test suite ran. (0 ms total)
[  PASSED  ] 1 test.
<end of output>
Test time =   0.02 sec
----------------------------------------------------------
Test Passed.
"Count.ZeroLengthIgnoresPointer" end time: Jun 09 21:11 CEST
"Count.ZeroLengthIgnoresPointer" time elapsed: 00:00:00
----------------------------------------------------------

4/179 Testing: Count.NullPointerWithZeroLength
4/179 Test: Count.NullPointerWithZeroLength
Command: "/mnt/c/Users/jikro/CLionProjects/qwc/build-wsl/tests/qwc_tests" "--gtest_filter=Count.NullPointerWithZeroLength" "--gtest_also_run_disabled_tests"
Directory: /mnt/c/Users/jikro/CLionProjects/qwc/build-wsl/tests
"Count.NullPointerWithZeroLength" start time: Jun 09 21:11 CEST
Output:
----------------------------------------------------------
Running main() from /mnt/c/Users/jikro/CLionProjects/qwc/thirdparty/googletest/googletest/src/gtest_main.cc
Note: Google Test filter = Count.NullPointerWithZeroLength
[==========] Running 1 test from 1 test suite.
[----------] Global test environment set-up.
[----------] 1 test from Count
[ RUN      ] Count.NullPointerWithZeroLength
[       OK ] Count.NullPointerWithZeroLength (0 ms)
[----------] 1 test from Count (0 ms total)

[----------] Global test environment tear-down
[==========] 1 test from 1 test suite ran. (0 ms total)
[  PASSED  ] 1 test.
<end of output>
Test time =   0.02 sec
----------------------------------------------------------
Test Passed.
"Count.NullPointerWithZeroLength" end time: Jun 09 21:11 CEST
"Count.NullPointerWithZeroLength" time elapsed: 00:00:00
----------------------------------------------------------

5/179 Testing: Count.NoTarget
5/179 Test: Count.NoTarget
Command: "/mnt/c/Users/jikro/CLionProjects/qwc/build-wsl/tests/qwc_tests" "--gtest_filter=Count.NoTarget" "--gtest_also_run_disabled_tests"
Directory: /mnt/c/Users/jikro/CLionProjects/qwc/build-wsl/tests
"Count.NoTarget" start time: Jun 09 21:11 CEST
Output:
----------------------------------------------------------
Running main() from /mnt/c/Users/jikro/CLionProjects/qwc/thirdparty/googletest/googletest/src/gtest_main.cc
Note: Google Test filter = Count.NoTarget
[==========] Running 1 test from 1 test suite.
[----------] Global test environment set-up.
[----------] 1 test from Count
[ RUN      ] Count.NoTarget
[       OK ] Count.NoTarget (0 ms)
[----------] 1 test from Count (0 ms total)

[----------] Global test environment tear-down
[==========] 1 test from 1 test suite ran. (0 ms total)
[  PASSED  ] 1 test.
<end of output>
Test time =   0.02 sec
----------------------------------------------------------
Test Passed.
"Count.NoTarget" end time: Jun 09 21:11 CEST
"Count.NoTarget" time elapsed: 00:00:00
----------------------------------------------------------

6/179 Testing: Count.SingleNewline
6/179 Test: Count.SingleNewline
Command: "/mnt/c/Users/jikro/CLionProjects/qwc/build-wsl/tests/qwc_tests" "--gtest_filter=Count.SingleNewline" "--gtest_also_run_disabled_tests"
Directory: /mnt/c/Users/jikro/CLionProjects/qwc/build-wsl/tests
"Count.SingleNewline" start time: Jun 09 21:11 CEST
Output:
----------------------------------------------------------
Running main() from /mnt/c/Users/jikro/CLionProjects/qwc/thirdparty/googletest/googletest/src/gtest_main.cc
Note: Google Test filter = Count.SingleNewline
[==========] Running 1 test from 1 test suite.
[----------] Global test environment set-up.
[----------] 1 test from Count
[ RUN      ] Count.SingleNewline
[       OK ] Count.SingleNewline (0 ms)
[----------] 1 test from Count (0 ms total)

[----------] Global test environment tear-down
[==========] 1 test from 1 test suite ran. (0 ms total)
[  PASSED  ] 1 test.
<end of output>
Test time =   0.02 sec
----------------------------------------------------------
Test Passed.
"Count.SingleNewline" end time: Jun 09 21:11 CEST
"Count.SingleNewline" time elapsed: 00:00:00
----------------------------------------------------------

7/179 Testing: Count.CountsNewlines
7/179 Test: Count.CountsNewlines
Command: "/mnt/c/Users/jikro/CLionProjects/qwc/build-wsl/tests/qwc_tests" "--gtest_filter=Count.CountsNewlines" "--gtest_also_run_disabled_tests"
Directory: /mnt/c/Users/jikro/CLionProjects/qwc/build-wsl/tests
"Count.CountsNewlines" start time: Jun 09 21:11 CEST
Output:
----------------------------------------------------------
Running main() from /mnt/c/Users/jikro/CLionProjects/qwc/thirdparty/googletest/googletest/src/gtest_main.cc
Note: Google Test filter = Count.CountsNewlines
[==========] Running 1 test from 1 test suite.
[----------] Global test environment set-up.
[----------] 1 test from Count
[ RUN      ] Count.CountsNewlines
[       OK ] Count.CountsNewlines (0 ms)
[----------] 1 test from Count (0 ms total)

[----------] Global test environment tear-down
[==========] 1 test from 1 test suite ran. (0 ms total)
[  PASSED  ] 1 test.
<end of output>
Test time =   0.02 sec
----------------------------------------------------------
Test Passed.
"Count.CountsNewlines" end time: Jun 09 21:11 CEST
"Count.CountsNewlines" time elapsed: 00:00:00
----------------------------------------------------------

8/179 Testing: Count.ConsecutiveNewlines
8/179 Test: Count.ConsecutiveNewlines
Command: "/mnt/c/Users/jikro/CLionProjects/qwc/build-wsl/tests/qwc_tests" "--gtest_filter=Count.ConsecutiveNewlines" "--gtest_also_run_disabled_tests"
Directory: /mnt/c/Users/jikro/CLionProjects/qwc/build-wsl/tests
"Count.ConsecutiveNewlines" start time: Jun 09 21:11 CEST
Output:
----------------------------------------------------------
Running main() from /mnt/c/Users/jikro/CLionProjects/qwc/thirdparty/googletest/googletest/src/gtest_main.cc
Note: Google Test filter = Count.ConsecutiveNewlines
[==========] Running 1 test from 1 test suite.
[----------] Global test environment set-up.
[----------] 1 test from Count
[ RUN      ] Count.ConsecutiveNewlines
[       OK ] Count.ConsecutiveNewlines (0 ms)
[----------] 1 test from Count (0 ms total)

[----------] Global test environment tear-down
[==========] 1 test from 1 test suite ran. (0 ms total)
[  PASSED  ] 1 test.
<end of output>
Test time =   0.02 sec
----------------------------------------------------------
Test Passed.
"Count.ConsecutiveNewlines" end time: Jun 09 21:11 CEST
"Count.ConsecutiveNewlines" time elapsed: 00:00:00
----------------------------------------------------------

9/179 Testing: Count.NoTrailingNewline
9/179 Test: Count.NoTrailingNewline
Command: "/mnt/c/Users/jikro/CLionProjects/qwc/build-wsl/tests/qwc_tests" "--gtest_filter=Count.NoTrailingNewline" "--gtest_also_run_disabled_tests"
Directory: /mnt/c/Users/jikro/CLionProjects/qwc/build-wsl/tests
"Count.NoTrailingNewline" start time: Jun 09 21:11 CEST
Output:
----------------------------------------------------------
Running main() from /mnt/c/Users/jikro/CLionProjects/qwc/thirdparty/googletest/googletest/src/gtest_main.cc
Note: Google Test filter = Count.NoTrailingNewline
[==========] Running 1 test from 1 test suite.
[----------] Global test environment set-up.
[----------] 1 test from Count
[ RUN      ] Count.NoTrailingNewline
[       OK ] Count.NoTrailingNewline (0 ms)
[----------] 1 test from Count (0 ms total)

[----------] Global test environment tear-down
[==========] 1 test from 1 test suite ran. (0 ms total)
[  PASSED  ] 1 test.
<end of output>
Test time =   0.01 sec
----------------------------------------------------------
Test Passed.
"Count.NoTrailingNewline" end time: Jun 09 21:11 CEST
"Count.NoTrailingNewline" time elapsed: 00:00:00
----------------------------------------------------------

10/179 Testing: Count.OnlyTargets
10/179 Test: Count.OnlyTargets
Command: "/mnt/c/Users/jikro/CLionProjects/qwc/build-wsl/tests/qwc_tests" "--gtest_filter=Count.OnlyTargets" "--gtest_also_run_disabled_tests"
Directory: /mnt/c/Users/jikro/CLionProjects/qwc/build-wsl/tests
"Count.OnlyTargets" start time: Jun 09 21:11 CEST
Output:
----------------------------------------------------------
Running main() from /mnt/c/Users/jikro/CLionProjects/qwc/thirdparty/googletest/googletest/src/gtest_main.cc
Note: Google Test filter = Count.OnlyTargets
[==========] Running 1 test from 1 test suite.
[----------] Global test environment set-up.
[----------] 1 test from Count
[ RUN      ] Count.OnlyTargets
[       OK ] Count.OnlyTargets (0 ms)
[----------] 1 test from Count (0 ms total)

[----------] Global test environment tear-down
[==========] 1 test from 1 test suite ran. (0 ms total)
[  PASSED  ] 1 test.
<end of output>
Test time =   0.01 sec
----------------------------------------------------------
Test Passed.
"Count.OnlyTargets" end time: Jun 09 21:11 CEST
"Count.OnlyTargets" time elapsed: 00:00:00
----------------------------------------------------------

11/179 Testing: Count.RespectsLengthShorterThanBuffer
11/179 Test: Count.RespectsLengthShorterThanBuffer
Command: "/mnt/c/Users/jikro/CLionProjects/qwc/build-wsl/tests/qwc_tests" "--gtest_filter=Count.RespectsLengthShorterThanBuffer" "--gtest_also_run_disabled_tests"
Directory: /mnt/c/Users/jikro/CLionProjects/qwc/build-wsl/tests
"Count.RespectsLengthShorterThanBuffer" start time: Jun 09 21:11 CEST
Output:
----------------------------------------------------------
Running main() from /mnt/c/Users/jikro/CLionProjects/qwc/thirdparty/googletest/googletest/src/gtest_main.cc
Note: Google Test filter = Count.RespectsLengthShorterThanBuffer
[==========] Running 1 test from 1 test suite.
[----------] Global test environment set-up.
[----------] 1 test from Count
[ RUN      ] Count.RespectsLengthShorterThanBuffer
[       OK ] Count.RespectsLengthShorterThanBuffer (0 ms)
[----------] 1 test from Count (0 ms total)

[----------] Global test environment tear-down
[==========] 1 test from 1 test suite ran. (0 ms total)
[  PASSED  ] 1 test.
<end of output>
Test time =   0.01 sec
----------------------------------------------------------
Test Passed.
"Count.RespectsLengthShorterThanBuffer" end time: Jun 09 21:11 CEST
"Count.RespectsLengthShorterThanBuffer" time elapsed: 00:00:00
----------------------------------------------------------

12/179 Testing: Count.CountsEmbeddedNulBytes
12/179 Test: Count.CountsEmbeddedNulBytes
Command: "/mnt/c/Users/jikro/CLionProjects/qwc/build-wsl/tests/qwc_tests" "--gtest_filter=Count.CountsEmbeddedNulBytes" "--gtest_also_run_disabled_tests"
Directory: /mnt/c/Users/jikro/CLionProjects/qwc/build-wsl/tests
"Count.CountsEmbeddedNulBytes" start time: Jun 09 21:11 CEST
Output:
----------------------------------------------------------
Running main() from /mnt/c/Users/jikro/CLionProjects/qwc/thirdparty/googletest/googletest/src/gtest_main.cc
Note: Google Test filter = Count.CountsEmbeddedNulBytes
[==========] Running 1 test from 1 test suite.
[----------] Global test environment set-up.
[----------] 1 test from Count
[ RUN      ] Count.CountsEmbeddedNulBytes
[       OK ] Count.CountsEmbeddedNulBytes (0 ms)
[----------] 1 test from Count (0 ms total)

[----------] Global test environment tear-down
[==========] 1 test from 1 test suite ran. (0 ms total)
[  PASSED  ] 1 test.
<end of output>
Test time =   0.01 sec
----------------------------------------------------------
Test Passed.
"Count.CountsEmbeddedNulBytes" end time: Jun 09 21:11 CEST
"Count.CountsEmbeddedNulBytes" time elapsed: 00:00:00
----------------------------------------------------------

13/179 Testing: Count.TargetPresentAfterEmbeddedNul
13/179 Test: Count.TargetPresentAfterEmbeddedNul
Command: "/mnt/c/Users/jikro/CLionProjects/qwc/build-wsl/tests/qwc_tests" "--gtest_filter=Count.TargetPresentAfterEmbeddedNul" "--gtest_also_run_disabled_tests"
Directory: /mnt/c/Users/jikro/CLionProjects/qwc/build-wsl/tests
"Count.TargetPresentAfterEmbeddedNul" start time: Jun 09 21:11 CEST
Output:
----------------------------------------------------------
Running main() from /mnt/c/Users/jikro/CLionProjects/qwc/thirdparty/googletest/googletest/src/gtest_main.cc
Note: Google Test filter = Count.TargetPresentAfterEmbeddedNul
[==========] Running 1 test from 1 test suite.
[----------] Global test environment set-up.
[----------] 1 test from Count
[ RUN      ] Count.TargetPresentAfterEmbeddedNul
[       OK ] Count.TargetPresentAfterEmbeddedNul (0 ms)
[----------] 1 test from Count (0 ms total)

[----------] Global test environment tear-down
[==========] 1 test from 1 test suite ran. (0 ms total)
[  PASSED  ] 1 test.
<end of output>
Test time =   0.01 sec
----------------------------------------------------------
Test Passed.
"Count.TargetPresentAfterEmbeddedNul" end time: Jun 09 21:11 CEST
"Count.TargetPresentAfterEmbeddedNul" time elapsed: 00:00:00
----------------------------------------------------------

14/179 Testing: Count.CustomTargetComma
14/179 Test: Count.CustomTargetComma
Command: "/mnt/c/Users/jikro/CLionProjects/qwc/build-wsl/tests/qwc_tests" "--gtest_filter=Count.CustomTargetComma" "--gtest_also_run_disabled_tests"
Directory: /mnt/c/Users/jikro/CLionProjects/qwc/build-wsl/tests
"Count.CustomTargetComma" start time: Jun 09 21:11 CEST
Output:
----------------------------------------------------------
Running main() from /mnt/c/Users/jikro/CLionProjects/qwc/thirdparty/googletest/googletest/src/gtest_main.cc
Note: Google Test filter = Count.CustomTargetComma
[==========] Running 1 test from 1 test suite.
[----------] Global test environment set-up.
[----------] 1 test from Count
[ RUN      ] Count.CustomTargetComma
[       OK ] Count.CustomTargetComma (0 ms)
[----------] 1 test from Count (0 ms total)

[----------] Global test environment tear-down
[==========] 1 test from 1 test suite ran. (0 ms total)
[  PASSED  ] 1 test.
<end of output>
Test time =   0.01 sec
----------------------------------------------------------
Test Passed.
"Count.CustomTargetComma" end time: Jun 09 21:11 CEST
"Count.CustomTargetComma" time elapsed: 00:00:00
----------------------------------------------------------

15/179 Testing: Count.HighByteTarget0xFF
15/179 Test: Count.HighByteTarget0xFF
Command: "/mnt/c/Users/jikro/CLionProjects/qwc/build-wsl/tests/qwc_tests" "--gtest_filter=Count.HighByteTarget0xFF" "--gtest_also_run_disabled_tests"
Directory: /mnt/c/Users/jikro/CLionProjects/qwc/build-wsl/tests
"Count.HighByteTarget0xFF" start time: Jun 09 21:11 CEST
Output:
----------------------------------------------------------
Running main() from /mnt/c/Users/jikro/CLionProjects/qwc/thirdparty/googletest/googletest/src/gtest_main.cc
Note: Google Test filter = Count.HighByteTarget0xFF
[==========] Running 1 test from 1 test suite.
[----------] Global test environment set-up.
[----------] 1 test from Count
[ RUN      ] Count.HighByteTarget0xFF
[       OK ] Count.HighByteTarget0xFF (0 ms)
[----------] 1 test from Count (0 ms total)

[----------] Global test environment tear-down
[==========] 1 test from 1 test suite ran. (0 ms total)
[  PASSED  ] 1 test.
<end of output>
Test time =   0.01 sec
----------------------------------------------------------
Test Passed.
"Count.HighByteTarget0xFF" end time: Jun 09 21:11 CEST
"Count.HighByteTarget0xFF" time elapsed: 00:00:00
----------------------------------------------------------

16/179 Testing: Count.HighByteTarget0x80
16/179 Test: Count.HighByteTarget0x80
Command: "/mnt/c/Users/jikro/CLionProjects/qwc/build-wsl/tests/qwc_tests" "--gtest_filter=Count.HighByteTarget0x80" "--gtest_also_run_disabled_tests"
Directory: /mnt/c/Users/jikro/CLionProjects/qwc/build-wsl/tests
"Count.HighByteTarget0x80" start time: Jun 09 21:11 CEST
Output:
----------------------------------------------------------
Running main() from /mnt/c/Users/jikro/CLionProjects/qwc/thirdparty/googletest/googletest/src/gtest_main.cc
Note: Google Test filter = Count.HighByteTarget0x80
[==========] Running 1 test from 1 test suite.
[----------] Global test environment set-up.
[----------] 1 test from Count
[ RUN      ] Count.HighByteTarget0x80
[       OK ] Count.HighByteTarget0x80 (0 ms)
[----------] 1 test from Count (0 ms total)

[----------] Global test environment tear-down
[==========] 1 test from 1 test suite ran. (0 ms total)
[  PASSED  ] 1 test.
<end of output>
Test time =   0.02 sec
----------------------------------------------------------
Test Passed.
"Count.HighByteTarget0x80" end time: Jun 09 21:11 CEST
"Count.HighByteTarget0x80" time elapsed: 00:00:00
----------------------------------------------------------

17/179 Testing: Count.EveryByteValueAsTarget
17/179 Test: Count.EveryByteValueAsTarget
Command: "/mnt/c/Users/jikro/CLionProjects/qwc/build-wsl/tests/qwc_tests" "--gtest_filter=Count.EveryByteValueAsTarget" "--gtest_also_run_disabled_tests"
Directory: /mnt/c/Users/jikro/CLionProjects/qwc/build-wsl/tests
"Count.EveryByteValueAsTarget" start time: Jun 09 21:11 CEST
Output:
----------------------------------------------------------
Running main() from /mnt/c/Users/jikro/CLionProjects/qwc/thirdparty/googletest/googletest/src/gtest_main.cc
Note: Google Test filter = Count.EveryByteValueAsTarget
[==========] Running 1 test from 1 test suite.
[----------] Global test environment set-up.
[----------] 1 test from Count
[ RUN      ] Count.EveryByteValueAsTarget
[       OK ] Count.EveryByteValueAsTarget (0 ms)
[----------] 1 test from Count (0 ms total)

[----------] Global test environment tear-down
[==========] 1 test from 1 test suite ran. (0 ms total)
[  PASSED  ] 1 test.
<end of output>
Test time =   0.01 sec
----------------------------------------------------------
Test Passed.
"Count.EveryByteValueAsTarget" end time: Jun 09 21:11 CEST
"Count.EveryByteValueAsTarget" time elapsed: 00:00:00
----------------------------------------------------------

18/179 Testing: Count.LengthsAroundSimdBoundaries
18/179 Test: Count.LengthsAroundSimdBoundaries
Command: "/mnt/c/Users/jikro/CLionProjects/qwc/build-wsl/tests/qwc_tests" "--gtest_filter=Count.LengthsAroundSimdBoundaries" "--gtest_also_run_disabled_tests"
Directory: /mnt/c/Users/jikro/CLionProjects/qwc/build-wsl/tests
"Count.LengthsAroundSimdBoundaries" start time: Jun 09 21:11 CEST
Output:
----------------------------------------------------------
Running main() from /mnt/c/Users/jikro/CLionProjects/qwc/thirdparty/googletest/googletest/src/gtest_main.cc
Note: Google Test filter = Count.LengthsAroundSimdBoundaries
[==========] Running 1 test from 1 test suite.
[----------] Global test environment set-up.
[----------] 1 test from Count
[ RUN      ] Count.LengthsAroundSimdBoundaries
[       OK ] Count.LengthsAroundSimdBoundaries (0 ms)
[----------] 1 test from Count (0 ms total)

[----------] Global test environment tear-down
[==========] 1 test from 1 test suite ran. (0 ms total)
[  PASSED  ] 1 test.
<end of output>
Test time =   0.01 sec
----------------------------------------------------------
Test Passed.
"Count.LengthsAroundSimdBoundaries" end time: Jun 09 21:11 CEST
"Count.LengthsAroundSimdBoundaries" time elapsed: 00:00:00
----------------------------------------------------------

19/179 Testing: Count.TargetExactlyAtBoundary
19/179 Test: Count.TargetExactlyAtBoundary
Command: "/mnt/c/Users/jikro/CLionProjects/qwc/build-wsl/tests/qwc_tests" "--gtest_filter=Count.TargetExactlyAtBoundary" "--gtest_also_run_disabled_tests"
Directory: /mnt/c/Users/jikro/CLionProjects/qwc/build-wsl/tests
"Count.TargetExactlyAtBoundary" start time: Jun 09 21:11 CEST
Output:
----------------------------------------------------------
Running main() from /mnt/c/Users/jikro/CLionProjects/qwc/thirdparty/googletest/googletest/src/gtest_main.cc
Note: Google Test filter = Count.TargetExactlyAtBoundary
[==========] Running 1 test from 1 test suite.
[----------] Global test environment set-up.
[----------] 1 test from Count
[ RUN      ] Count.TargetExactlyAtBoundary
[       OK ] Count.TargetExactlyAtBoundary (0 ms)
[----------] 1 test from Count (0 ms total)

[----------] Global test environment tear-down
[==========] 1 test from 1 test suite ran. (0 ms total)
[  PASSED  ] 1 test.
<end of output>
Test time =   0.01 sec
----------------------------------------------------------
Test Passed.
"Count.TargetExactlyAtBoundary" end time: Jun 09 21:11 CEST
"Count.TargetExactlyAtBoundary" time elapsed: 00:00:00
----------------------------------------------------------

20/179 Testing: Count.UnalignedStartPointer
20/179 Test: Count.UnalignedStartPointer
Command: "/mnt/c/Users/jikro/CLionProjects/qwc/build-wsl/tests/qwc_tests" "--gtest_filter=Count.UnalignedStartPointer" "--gtest_also_run_disabled_tests"
Directory: /mnt/c/Users/jikro/CLionProjects/qwc/build-wsl/tests
"Count.UnalignedStartPointer" start time: Jun 09 21:11 CEST
Output:
----------------------------------------------------------
Running main() from /mnt/c/Users/jikro/CLionProjects/qwc/thirdparty/googletest/googletest/src/gtest_main.cc
Note: Google Test filter = Count.UnalignedStartPointer
[==========] Running 1 test from 1 test suite.
[----------] Global test environment set-up.
[----------] 1 test from Count
[ RUN      ] Count.UnalignedStartPointer
[       OK ] Count.UnalignedStartPointer (0 ms)
[----------] 1 test from Count (0 ms total)

[----------] Global test environment tear-down
[==========] 1 test from 1 test suite ran. (0 ms total)
[  PASSED  ] 1 test.
<end of output>
Test time =   0.01 sec
----------------------------------------------------------
Test Passed.
"Count.UnalignedStartPointer" end time: Jun 09 21:11 CEST
"Count.UnalignedStartPointer" time elapsed: 00:00:00
----------------------------------------------------------

21/179 Testing: Count.LargeDenseDoesNotOverflowLanes
21/179 Test: Count.LargeDenseDoesNotOverflowLanes
Command: "/mnt/c/Users/jikro/CLionProjects/qwc/build-wsl/tests/qwc_tests" "--gtest_filter=Count.LargeDenseDoesNotOverflowLanes" "--gtest_also_run_disabled_tests"
Directory: /mnt/c/Users/jikro/CLionProjects/qwc/build-wsl/tests
"Count.LargeDenseDoesNotOverflowLanes" start time: Jun 09 21:11 CEST
Output:
----------------------------------------------------------
Running main() from /mnt/c/Users/jikro/CLionProjects/qwc/thirdparty/googletest/googletest/src/gtest_main.cc
Note: Google Test filter = Count.LargeDenseDoesNotOverflowLanes
[==========] Running 1 test from 1 test suite.
[----------] Global test environment set-up.
[----------] 1 test from Count
[ RUN      ] Count.LargeDenseDoesNotOverflowLanes
[       OK ] Count.LargeDenseDoesNotOverflowLanes (0 ms)
[----------] 1 test from Count (0 ms total)

[----------] Global test environment tear-down
[==========] 1 test from 1 test suite ran. (0 ms total)
[  PASSED  ] 1 test.
<end of output>
Test time =   0.01 sec
----------------------------------------------------------
Test Passed.
"Count.LargeDenseDoesNotOverflowLanes" end time: Jun 09 21:11 CEST
"Count.LargeDenseDoesNotOverflowLanes" time elapsed: 00:00:00
----------------------------------------------------------

22/179 Testing: Count.LargeBufferSpansManyDrainCycles
22/179 Test: Count.LargeBufferSpansManyDrainCycles
Command: "/mnt/c/Users/jikro/CLionProjects/qwc/build-wsl/tests/qwc_tests" "--gtest_filter=Count.LargeBufferSpansManyDrainCycles" "--gtest_also_run_disabled_tests"
Directory: /mnt/c/Users/jikro/CLionProjects/qwc/build-wsl/tests
"Count.LargeBufferSpansManyDrainCycles" start time: Jun 09 21:11 CEST
Output:
----------------------------------------------------------
Running main() from /mnt/c/Users/jikro/CLionProjects/qwc/thirdparty/googletest/googletest/src/gtest_main.cc
Note: Google Test filter = Count.LargeBufferSpansManyDrainCycles
[==========] Running 1 test from 1 test suite.
[----------] Global test environment set-up.
[----------] 1 test from Count
[ RUN      ] Count.LargeBufferSpansManyDrainCycles
[       OK ] Count.LargeBufferSpansManyDrainCycles (0 ms)
[----------] 1 test from Count (0 ms total)

[----------] Global test environment tear-down
[==========] 1 test from 1 test suite ran. (0 ms total)
[  PASSED  ] 1 test.
<end of output>
Test time =   0.01 sec
----------------------------------------------------------
Test Passed.
"Count.LargeBufferSpansManyDrainCycles" end time: Jun 09 21:11 CEST
"Count.LargeBufferSpansManyDrainCycles" time elapsed: 00:00:00
----------------------------------------------------------

23/179 Testing: Count.FuzzAgainstReference
23/179 Test: Count.FuzzAgainstReference
Command: "/mnt/c/Users/jikro/CLionProjects/qwc/build-wsl/tests/qwc_tests" "--gtest_filter=Count.FuzzAgainstReference" "--gtest_also_run_disabled_tests"
Directory: /mnt/c/Users/jikro/CLionProjects/qwc/build-wsl/tests
"Count.FuzzAgainstReference" start time: Jun 09 21:11 CEST
Output:
----------------------------------------------------------
Running main() from /mnt/c/Users/jikro/CLionProjects/qwc/thirdparty/googletest/googletest/src/gtest_main.cc
Note: Google Test filter = Count.FuzzAgainstReference
[==========] Running 1 test from 1 test suite.
[----------] Global test environment set-up.
[----------] 1 test from Count
[ RUN      ] Count.FuzzAgainstReference
[       OK ] Count.FuzzAgainstReference (16 ms)
[----------] 1 test from Count (16 ms total)

[----------] Global test environment tear-down
[==========] 1 test from 1 test suite ran. (16 ms total)
[  PASSED  ] 1 test.
<end of output>
Test time =   0.03 sec
----------------------------------------------------------
Test Passed.
"Count.FuzzAgainstReference" end time: Jun 09 21:11 CEST
"Count.FuzzAgainstReference" time elapsed: 00:00:00
----------------------------------------------------------

24/179 Testing: Count.FuzzUnalignedAgainstReference
24/179 Test: Count.FuzzUnalignedAgainstReference
Command: "/mnt/c/Users/jikro/CLionProjects/qwc/build-wsl/tests/qwc_tests" "--gtest_filter=Count.FuzzUnalignedAgainstReference" "--gtest_also_run_disabled_tests"
Directory: /mnt/c/Users/jikro/CLionProjects/qwc/build-wsl/tests
"Count.FuzzUnalignedAgainstReference" start time: Jun 09 21:11 CEST
Output:
----------------------------------------------------------
Running main() from /mnt/c/Users/jikro/CLionProjects/qwc/thirdparty/googletest/googletest/src/gtest_main.cc
Note: Google Test filter = Count.FuzzUnalignedAgainstReference
[==========] Running 1 test from 1 test suite.
[----------] Global test environment set-up.
[----------] 1 test from Count
[ RUN      ] Count.FuzzUnalignedAgainstReference
[       OK ] Count.FuzzUnalignedAgainstReference (5 ms)
[----------] 1 test from Count (5 ms total)

[----------] Global test environment tear-down
[==========] 1 test from 1 test suite ran. (5 ms total)
[  PASSED  ] 1 test.
<end of output>
Test time =   0.02 sec
----------------------------------------------------------
Test Passed.
"Count.FuzzUnalignedAgainstReference" end time: Jun 09 21:11 CEST
"Count.FuzzUnalignedAgainstReference" time elapsed: 00:00:00
----------------------------------------------------------

25/179 Testing: Words.EmptyBuffer
25/179 Test: Words.EmptyBuffer
Command: "/mnt/c/Users/jikro/CLionProjects/qwc/build-wsl/tests/qwc_tests" "--gtest_filter=Words.EmptyBuffer" "--gtest_also_run_disabled_tests"
Directory: /mnt/c/Users/jikro/CLionProjects/qwc/build-wsl/tests
"Words.EmptyBuffer" start time: Jun 09 21:11 CEST
Output:
----------------------------------------------------------
Running main() from /mnt/c/Users/jikro/CLionProjects/qwc/thirdparty/googletest/googletest/src/gtest_main.cc
Note: Google Test filter = Words.EmptyBuffer
[==========] Running 1 test from 1 test suite.
[----------] Global test environment set-up.
[----------] 1 test from Words
[ RUN      ] Words.EmptyBuffer
[       OK ] Words.EmptyBuffer (0 ms)
[----------] 1 test from Words (0 ms total)

[----------] Global test environment tear-down
[==========] 1 test from 1 test suite ran. (0 ms total)
[  PASSED  ] 1 test.
<end of output>
Test time =   0.01 sec
----------------------------------------------------------
Test Passed.
"Words.EmptyBuffer" end time: Jun 09 21:11 CEST
"Words.EmptyBuffer" time elapsed: 00:00:00
----------------------------------------------------------

26/179 Testing: Words.ZeroLengthIgnoresPointer
26/179 Test: Words.ZeroLengthIgnoresPointer
Command: "/mnt/c/Users/jikro/CLionProjects/qwc/build-wsl/tests/qwc_tests" "--gtest_filter=Words.ZeroLengthIgnoresPointer" "--gtest_also_run_disabled_tests"
Directory: /mnt/c/Users/jikro/CLionProjects/qwc/build-wsl/tests
"Words.ZeroLengthIgnoresPointer" start time: Jun 09 21:11 CEST
Output:
----------------------------------------------------------
Running main() from /mnt/c/Users/jikro/CLionProjects/qwc/thirdparty/googletest/googletest/src/gtest_main.cc
Note: Google Test filter = Words.ZeroLengthIgnoresPointer
[==========] Running 1 test from 1 test suite.
[----------] Global test environment set-up.
[----------] 1 test from Words
[ RUN      ] Words.ZeroLengthIgnoresPointer
[       OK ] Words.ZeroLengthIgnoresPointer (0 ms)
[----------] 1 test from Words (0 ms total)

[----------] Global test environment tear-down
[==========] 1 test from 1 test suite ran. (0 ms total)
[  PASSED  ] 1 test.
<end of output>
Test time =   0.01 sec
----------------------------------------------------------
Test Passed.
"Words.ZeroLengthIgnoresPointer" end time: Jun 09 21:11 CEST
"Words.ZeroLengthIgnoresPointer" time elapsed: 00:00:00
----------------------------------------------------------

27/179 Testing: Words.OnlyWhitespace
27/179 Test: Words.OnlyWhitespace
Command: "/mnt/c/Users/jikro/CLionProjects/qwc/build-wsl/tests/qwc_tests" "--gtest_filter=Words.OnlyWhitespace" "--gtest_also_run_disabled_tests"
Directory: /mnt/c/Users/jikro/CLionProjects/qwc/build-wsl/tests
"Words.OnlyWhitespace" start time: Jun 09 21:11 CEST
Output:
----------------------------------------------------------
Running main() from /mnt/c/Users/jikro/CLionProjects/qwc/thirdparty/googletest/googletest/src/gtest_main.cc
Note: Google Test filter = Words.OnlyWhitespace
[==========] Running 1 test from 1 test suite.
[----------] Global test environment set-up.
[----------] 1 test from Words
[ RUN      ] Words.OnlyWhitespace
[       OK ] Words.OnlyWhitespace (0 ms)
[----------] 1 test from Words (0 ms total)

[----------] Global test environment tear-down
[==========] 1 test from 1 test suite ran. (0 ms total)
[  PASSED  ] 1 test.
<end of output>
Test time =   0.01 sec
----------------------------------------------------------
Test Passed.
"Words.OnlyWhitespace" end time: Jun 09 21:11 CEST
"Words.OnlyWhitespace" time elapsed: 00:00:00
----------------------------------------------------------

28/179 Testing: Words.SingleWord
28/179 Test: Words.SingleWord
Command: "/mnt/c/Users/jikro/CLionProjects/qwc/build-wsl/tests/qwc_tests" "--gtest_filter=Words.SingleWord" "--gtest_also_run_disabled_tests"
Directory: /mnt/c/Users/jikro/CLionProjects/qwc/build-wsl/tests
"Words.SingleWord" start time: Jun 09 21:11 CEST
Output:
----------------------------------------------------------
Running main() from /mnt/c/Users/jikro/CLionProjects/qwc/thirdparty/googletest/googletest/src/gtest_main.cc
Note: Google Test filter = Words.SingleWord
[==========] Running 1 test from 1 test suite.
[----------] Global test environment set-up.
[----------] 1 test from Words
[ RUN      ] Words.SingleWord
[       OK ] Words.SingleWord (0 ms)
[----------] 1 test from Words (0 ms total)

[----------] Global test environment tear-down
[==========] 1 test from 1 test suite ran. (0 ms total)
[  PASSED  ] 1 test.
<end of output>
Test time =   0.01 sec
----------------------------------------------------------
Test Passed.
"Words.SingleWord" end time: Jun 09 21:11 CEST
"Words.SingleWord" time elapsed: 00:00:00
----------------------------------------------------------

29/179 Testing: Words.TwoWordsOneSpace
29/179 Test: Words.TwoWordsOneSpace
Command: "/mnt/c/Users/jikro/CLionProjects/qwc/build-wsl/tests/qwc_tests" "--gtest_filter=Words.TwoWordsOneSpace" "--gtest_also_run_disabled_tests"
Directory: /mnt/c/Users/jikro/CLionProjects/qwc/build-wsl/tests
"Words.TwoWordsOneSpace" start time: Jun 09 21:11 CEST
Output:
----------------------------------------------------------
Running main() from /mnt/c/Users/jikro/CLionProjects/qwc/thirdparty/googletest/googletest/src/gtest_main.cc
Note: Google Test filter = Words.TwoWordsOneSpace
[==========] Running 1 test from 1 test suite.
[----------] Global test environment set-up.
[----------] 1 test from Words
[ RUN      ] Words.TwoWordsOneSpace
[       OK ] Words.TwoWordsOneSpace (0 ms)
[----------] 1 test from Words (0 ms total)

[----------] Global test environment tear-down
[==========] 1 test from 1 test suite ran. (0 ms total)
[  PASSED  ] 1 test.
<end of output>
Test time =   0.01 sec
----------------------------------------------------------
Test Passed.
"Words.TwoWordsOneSpace" end time: Jun 09 21:11 CEST
"Words.TwoWordsOneSpace" time elapsed: 00:00:00
----------------------------------------------------------

30/179 Testing: Words.LeadingAndTrailingWhitespace
30/179 Test: Words.LeadingAndTrailingWhitespace
Command: "/mnt/c/Users/jikro/CLionProjects/qwc/build-wsl/tests/qwc_tests" "--gtest_filter=Words.LeadingAndTrailingWhitespace" "--gtest_also_run_disabled_tests"
Directory: /mnt/c/Users/jikro/CLionProjects/qwc/build-wsl/tests
"Words.LeadingAndTrailingWhitespace" start time: Jun 09 21:11 CEST
Output:
----------------------------------------------------------
Running main() from /mnt/c/Users/jikro/CLionProjects/qwc/thirdparty/googletest/googletest/src/gtest_main.cc
Note: Google Test filter = Words.LeadingAndTrailingWhitespace
[==========] Running 1 test from 1 test suite.
[----------] Global test environment set-up.
[----------] 1 test from Words
[ RUN      ] Words.LeadingAndTrailingWhitespace
[       OK ] Words.LeadingAndTrailingWhitespace (0 ms)
[----------] 1 test from Words (0 ms total)

[----------] Global test environment tear-down
[==========] 1 test from 1 test suite ran. (0 ms total)
[  PASSED  ] 1 test.
<end of output>
Test time =   0.01 sec
----------------------------------------------------------
Test Passed.
"Words.LeadingAndTrailingWhitespace" end time: Jun 09 21:11 CEST
"Words.LeadingAndTrailingWhitespace" time elapsed: 00:00:00
----------------------------------------------------------

31/179 Testing: Words.MultipleSpacesBetweenWords
31/179 Test: Words.MultipleSpacesBetweenWords
Command: "/mnt/c/Users/jikro/CLionProjects/qwc/build-wsl/tests/qwc_tests" "--gtest_filter=Words.MultipleSpacesBetweenWords" "--gtest_also_run_disabled_tests"
Directory: /mnt/c/Users/jikro/CLionProjects/qwc/build-wsl/tests
"Words.MultipleSpacesBetweenWords" start time: Jun 09 21:11 CEST
Output:
----------------------------------------------------------
Running main() from /mnt/c/Users/jikro/CLionProjects/qwc/thirdparty/googletest/googletest/src/gtest_main.cc
Note: Google Test filter = Words.MultipleSpacesBetweenWords
[==========] Running 1 test from 1 test suite.
[----------] Global test environment set-up.
[----------] 1 test from Words
[ RUN      ] Words.MultipleSpacesBetweenWords
[       OK ] Words.MultipleSpacesBetweenWords (0 ms)
[----------] 1 test from Words (0 ms total)

[----------] Global test environment tear-down
[==========] 1 test from 1 test suite ran. (0 ms total)
[  PASSED  ] 1 test.
<end of output>
Test time =   0.01 sec
----------------------------------------------------------
Test Passed.
"Words.MultipleSpacesBetweenWords" end time: Jun 09 21:11 CEST
"Words.MultipleSpacesBetweenWords" time elapsed: 00:00:00
----------------------------------------------------------

32/179 Testing: Words.AllWhitespaceKindsSeparate
32/179 Test: Words.AllWhitespaceKindsSeparate
Command: "/mnt/c/Users/jikro/CLionProjects/qwc/build-wsl/tests/qwc_tests" "--gtest_filter=Words.AllWhitespaceKindsSeparate" "--gtest_also_run_disabled_tests"
Directory: /mnt/c/Users/jikro/CLionProjects/qwc/build-wsl/tests
"Words.AllWhitespaceKindsSeparate" start time: Jun 09 21:11 CEST
Output:
----------------------------------------------------------
Running main() from /mnt/c/Users/jikro/CLionProjects/qwc/thirdparty/googletest/googletest/src/gtest_main.cc
Note: Google Test filter = Words.AllWhitespaceKindsSeparate
[==========] Running 1 test from 1 test suite.
[----------] Global test environment set-up.
[----------] 1 test from Words
[ RUN      ] Words.AllWhitespaceKindsSeparate
[       OK ] Words.AllWhitespaceKindsSeparate (0 ms)
[----------] 1 test from Words (0 ms total)

[----------] Global test environment tear-down
[==========] 1 test from 1 test suite ran. (0 ms total)
[  PASSED  ] 1 test.
<end of output>
Test time =   0.02 sec
----------------------------------------------------------
Test Passed.
"Words.AllWhitespaceKindsSeparate" end time: Jun 09 21:11 CEST
"Words.AllWhitespaceKindsSeparate" time elapsed: 00:00:00
----------------------------------------------------------

33/179 Testing: Words.NonNewlineBytesAreWords
33/179 Test: Words.NonNewlineBytesAreWords
Command: "/mnt/c/Users/jikro/CLionProjects/qwc/build-wsl/tests/qwc_tests" "--gtest_filter=Words.NonNewlineBytesAreWords" "--gtest_also_run_disabled_tests"
Directory: /mnt/c/Users/jikro/CLionProjects/qwc/build-wsl/tests
"Words.NonNewlineBytesAreWords" start time: Jun 09 21:11 CEST
Output:
----------------------------------------------------------
Running main() from /mnt/c/Users/jikro/CLionProjects/qwc/thirdparty/googletest/googletest/src/gtest_main.cc
Note: Google Test filter = Words.NonNewlineBytesAreWords
[==========] Running 1 test from 1 test suite.
[----------] Global test environment set-up.
[----------] 1 test from Words
[ RUN      ] Words.NonNewlineBytesAreWords
[       OK ] Words.NonNewlineBytesAreWords (0 ms)
[----------] 1 test from Words (0 ms total)

[----------] Global test environment tear-down
[==========] 1 test from 1 test suite ran. (0 ms total)
[  PASSED  ] 1 test.
<end of output>
Test time =   0.02 sec
----------------------------------------------------------
Test Passed.
"Words.NonNewlineBytesAreWords" end time: Jun 09 21:11 CEST
"Words.NonNewlineBytesAreWords" time elapsed: 00:00:00
----------------------------------------------------------

34/179 Testing: Words.EmbeddedNulIsNotWhitespace
34/179 Test: Words.EmbeddedNulIsNotWhitespace
Command: "/mnt/c/Users/jikro/CLionProjects/qwc/build-wsl/tests/qwc_tests" "--gtest_filter=Words.EmbeddedNulIsNotWhitespace" "--gtest_also_run_disabled_tests"
Directory: /mnt/c/Users/jikro/CLionProjects/qwc/build-wsl/tests
"Words.EmbeddedNulIsNotWhitespace" start time: Jun 09 21:11 CEST
Output:
----------------------------------------------------------
Running main() from /mnt/c/Users/jikro/CLionProjects/qwc/thirdparty/googletest/googletest/src/gtest_main.cc
Note: Google Test filter = Words.EmbeddedNulIsNotWhitespace
[==========] Running 1 test from 1 test suite.
[----------] Global test environment set-up.
[----------] 1 test from Words
[ RUN      ] Words.EmbeddedNulIsNotWhitespace
[       OK ] Words.EmbeddedNulIsNotWhitespace (0 ms)
[----------] 1 test from Words (0 ms total)

[----------] Global test environment tear-down
[==========] 1 test from 1 test suite ran. (0 ms total)
[  PASSED  ] 1 test.
<end of output>
Test time =   0.02 sec
----------------------------------------------------------
Test Passed.
"Words.EmbeddedNulIsNotWhitespace" end time: Jun 09 21:11 CEST
"Words.EmbeddedNulIsNotWhitespace" time elapsed: 00:00:00
----------------------------------------------------------

35/179 Testing: Words.CarryAcrossBuffersMatchesWhole
35/179 Test: Words.CarryAcrossBuffersMatchesWhole
Command: "/mnt/c/Users/jikro/CLionProjects/qwc/build-wsl/tests/qwc_tests" "--gtest_filter=Words.CarryAcrossBuffersMatchesWhole" "--gtest_also_run_disabled_tests"
Directory: /mnt/c/Users/jikro/CLionProjects/qwc/build-wsl/tests
"Words.CarryAcrossBuffersMatchesWhole" start time: Jun 09 21:11 CEST
Output:
----------------------------------------------------------
Running main() from /mnt/c/Users/jikro/CLionProjects/qwc/thirdparty/googletest/googletest/src/gtest_main.cc
Note: Google Test filter = Words.CarryAcrossBuffersMatchesWhole
[==========] Running 1 test from 1 test suite.
[----------] Global test environment set-up.
[----------] 1 test from Words
[ RUN      ] Words.CarryAcrossBuffersMatchesWhole
[       OK ] Words.CarryAcrossBuffersMatchesWhole (0 ms)
[----------] 1 test from Words (0 ms total)

[----------] Global test environment tear-down
[==========] 1 test from 1 test suite ran. (0 ms total)
[  PASSED  ] 1 test.
<end of output>
Test time =   0.01 sec
----------------------------------------------------------
Test Passed.
"Words.CarryAcrossBuffersMatchesWhole" end time: Jun 09 21:11 CEST
"Words.CarryAcrossBuffersMatchesWhole" time elapsed: 00:00:00
----------------------------------------------------------

36/179 Testing: Words.SplitInsideAWordDoesNotDoubleCount
36/179 Test: Words.SplitInsideAWordDoesNotDoubleCount
Command: "/mnt/c/Users/jikro/CLionProjects/qwc/build-wsl/tests/qwc_tests" "--gtest_filter=Words.SplitInsideAWordDoesNotDoubleCount" "--gtest_also_run_disabled_tests"
Directory: /mnt/c/Users/jikro/CLionProjects/qwc/build-wsl/tests
"Words.SplitInsideAWordDoesNotDoubleCount" start time: Jun 09 21:11 CEST
Output:
----------------------------------------------------------
Running main() from /mnt/c/Users/jikro/CLionProjects/qwc/thirdparty/googletest/googletest/src/gtest_main.cc
Note: Google Test filter = Words.SplitInsideAWordDoesNotDoubleCount
[==========] Running 1 test from 1 test suite.
[----------] Global test environment set-up.
[----------] 1 test from Words
[ RUN      ] Words.SplitInsideAWordDoesNotDoubleCount
[       OK ] Words.SplitInsideAWordDoesNotDoubleCount (0 ms)
[----------] 1 test from Words (0 ms total)

[----------] Global test environment tear-down
[==========] 1 test from 1 test suite ran. (0 ms total)
[  PASSED  ] 1 test.
<end of output>
Test time =   0.02 sec
----------------------------------------------------------
Test Passed.
"Words.SplitInsideAWordDoesNotDoubleCount" end time: Jun 09 21:11 CEST
"Words.SplitInsideAWordDoesNotDoubleCount" time elapsed: 00:00:00
----------------------------------------------------------

37/179 Testing: Words.CarryReportsTrailingWordState
37/179 Test: Words.CarryReportsTrailingWordState
Command: "/mnt/c/Users/jikro/CLionProjects/qwc/build-wsl/tests/qwc_tests" "--gtest_filter=Words.CarryReportsTrailingWordState" "--gtest_also_run_disabled_tests"
Directory: /mnt/c/Users/jikro/CLionProjects/qwc/build-wsl/tests
"Words.CarryReportsTrailingWordState" start time: Jun 09 21:11 CEST
Output:
----------------------------------------------------------
Running main() from /mnt/c/Users/jikro/CLionProjects/qwc/thirdparty/googletest/googletest/src/gtest_main.cc
Note: Google Test filter = Words.CarryReportsTrailingWordState
[==========] Running 1 test from 1 test suite.
[----------] Global test environment set-up.
[----------] 1 test from Words
[ RUN      ] Words.CarryReportsTrailingWordState
[       OK ] Words.CarryReportsTrailingWordState (0 ms)
[----------] 1 test from Words (0 ms total)

[----------] Global test environment tear-down
[==========] 1 test from 1 test suite ran. (0 ms total)
[  PASSED  ] 1 test.
<end of output>
Test time =   0.02 sec
----------------------------------------------------------
Test Passed.
"Words.CarryReportsTrailingWordState" end time: Jun 09 21:11 CEST
"Words.CarryReportsTrailingWordState" time elapsed: 00:00:00
----------------------------------------------------------

38/179 Testing: Words.FuzzAgainstReference
38/179 Test: Words.FuzzAgainstReference
Command: "/mnt/c/Users/jikro/CLionProjects/qwc/build-wsl/tests/qwc_tests" "--gtest_filter=Words.FuzzAgainstReference" "--gtest_also_run_disabled_tests"
Directory: /mnt/c/Users/jikro/CLionProjects/qwc/build-wsl/tests
"Words.FuzzAgainstReference" start time: Jun 09 21:11 CEST
Output:
----------------------------------------------------------
Running main() from /mnt/c/Users/jikro/CLionProjects/qwc/thirdparty/googletest/googletest/src/gtest_main.cc
Note: Google Test filter = Words.FuzzAgainstReference
[==========] Running 1 test from 1 test suite.
[----------] Global test environment set-up.
[----------] 1 test from Words
[ RUN      ] Words.FuzzAgainstReference
[       OK ] Words.FuzzAgainstReference (70 ms)
[----------] 1 test from Words (70 ms total)

[----------] Global test environment tear-down
[==========] 1 test from 1 test suite ran. (70 ms total)
[  PASSED  ] 1 test.
<end of output>
Test time =   0.09 sec
----------------------------------------------------------
Test Passed.
"Words.FuzzAgainstReference" end time: Jun 09 21:11 CEST
"Words.FuzzAgainstReference" time elapsed: 00:00:00
----------------------------------------------------------

39/179 Testing: Chars.EmptyBuffer
39/179 Test: Chars.EmptyBuffer
Command: "/mnt/c/Users/jikro/CLionProjects/qwc/build-wsl/tests/qwc_tests" "--gtest_filter=Chars.EmptyBuffer" "--gtest_also_run_disabled_tests"
Directory: /mnt/c/Users/jikro/CLionProjects/qwc/build-wsl/tests
"Chars.EmptyBuffer" start time: Jun 09 21:11 CEST
Output:
----------------------------------------------------------
Running main() from /mnt/c/Users/jikro/CLionProjects/qwc/thirdparty/googletest/googletest/src/gtest_main.cc
Note: Google Test filter = Chars.EmptyBuffer
[==========] Running 1 test from 1 test suite.
[----------] Global test environment set-up.
[----------] 1 test from Chars
[ RUN      ] Chars.EmptyBuffer
[       OK ] Chars.EmptyBuffer (0 ms)
[----------] 1 test from Chars (0 ms total)

[----------] Global test environment tear-down
[==========] 1 test from 1 test suite ran. (0 ms total)
[  PASSED  ] 1 test.
<end of output>
Test time =   0.02 sec
----------------------------------------------------------
Test Passed.
"Chars.EmptyBuffer" end time: Jun 09 21:11 CEST
"Chars.EmptyBuffer" time elapsed: 00:00:00
----------------------------------------------------------

40/179 Testing: Chars.ZeroLengthIgnoresPointer
40/179 Test: Chars.ZeroLengthIgnoresPointer
Command: "/mnt/c/Users/jikro/CLionProjects/qwc/build-wsl/tests/qwc_tests" "--gtest_filter=Chars.ZeroLengthIgnoresPointer" "--gtest_also_run_disabled_tests"
Directory: /mnt/c/Users/jikro/CLionProjects/qwc/build-wsl/tests
"Chars.ZeroLengthIgnoresPointer" start time: Jun 09 21:11 CEST
Output:
----------------------------------------------------------
Running main() from /mnt/c/Users/jikro/CLionProjects/qwc/thirdparty/googletest/googletest/src/gtest_main.cc
Note: Google Test filter = Chars.ZeroLengthIgnoresPointer
[==========] Running 1 test from 1 test suite.
[----------] Global test environment set-up.
[----------] 1 test from Chars
[ RUN      ] Chars.ZeroLengthIgnoresPointer
[       OK ] Chars.ZeroLengthIgnoresPointer (0 ms)
[----------] 1 test from Chars (0 ms total)

[----------] Global test environment tear-down
[==========] 1 test from 1 test suite ran. (0 ms total)
[  PASSED  ] 1 test.
<end of output>
Test time =   0.02 sec
----------------------------------------------------------
Test Passed.
"Chars.ZeroLengthIgnoresPointer" end time: Jun 09 21:11 CEST
"Chars.ZeroLengthIgnoresPointer" time elapsed: 00:00:00
----------------------------------------------------------

41/179 Testing: Chars.AsciiCountsLikeBytes
41/179 Test: Chars.AsciiCountsLikeBytes
Command: "/mnt/c/Users/jikro/CLionProjects/qwc/build-wsl/tests/qwc_tests" "--gtest_filter=Chars.AsciiCountsLikeBytes" "--gtest_also_run_disabled_tests"
Directory: /mnt/c/Users/jikro/CLionProjects/qwc/build-wsl/tests
"Chars.AsciiCountsLikeBytes" start time: Jun 09 21:11 CEST
Output:
----------------------------------------------------------
Running main() from /mnt/c/Users/jikro/CLionProjects/qwc/thirdparty/googletest/googletest/src/gtest_main.cc
Note: Google Test filter = Chars.AsciiCountsLikeBytes
[==========] Running 1 test from 1 test suite.
[----------] Global test environment set-up.
[----------] 1 test from Chars
[ RUN      ] Chars.AsciiCountsLikeBytes
[       OK ] Chars.AsciiCountsLikeBytes (0 ms)
[----------] 1 test from Chars (0 ms total)

[----------] Global test environment tear-down
[==========] 1 test from 1 test suite ran. (0 ms total)
[  PASSED  ] 1 test.
<end of output>
Test time =   0.02 sec
----------------------------------------------------------
Test Passed.
"Chars.AsciiCountsLikeBytes" end time: Jun 09 21:11 CEST
"Chars.AsciiCountsLikeBytes" time elapsed: 00:00:00
----------------------------------------------------------

42/179 Testing: Chars.AsciiWithNewlines
42/179 Test: Chars.AsciiWithNewlines
Command: "/mnt/c/Users/jikro/CLionProjects/qwc/build-wsl/tests/qwc_tests" "--gtest_filter=Chars.AsciiWithNewlines" "--gtest_also_run_disabled_tests"
Directory: /mnt/c/Users/jikro/CLionProjects/qwc/build-wsl/tests
"Chars.AsciiWithNewlines" start time: Jun 09 21:11 CEST
Output:
----------------------------------------------------------
Running main() from /mnt/c/Users/jikro/CLionProjects/qwc/thirdparty/googletest/googletest/src/gtest_main.cc
Note: Google Test filter = Chars.AsciiWithNewlines
[==========] Running 1 test from 1 test suite.
[----------] Global test environment set-up.
[----------] 1 test from Chars
[ RUN      ] Chars.AsciiWithNewlines
[       OK ] Chars.AsciiWithNewlines (0 ms)
[----------] 1 test from Chars (0 ms total)

[----------] Global test environment tear-down
[==========] 1 test from 1 test suite ran. (0 ms total)
[  PASSED  ] 1 test.
<end of output>
Test time =   0.01 sec
----------------------------------------------------------
Test Passed.
"Chars.AsciiWithNewlines" end time: Jun 09 21:11 CEST
"Chars.AsciiWithNewlines" time elapsed: 00:00:00
----------------------------------------------------------

43/179 Testing: Chars.EmbeddedNulCounts
43/179 Test: Chars.EmbeddedNulCounts
Command: "/mnt/c/Users/jikro/CLionProjects/qwc/build-wsl/tests/qwc_tests" "--gtest_filter=Chars.EmbeddedNulCounts" "--gtest_also_run_disabled_tests"
Directory: /mnt/c/Users/jikro/CLionProjects/qwc/build-wsl/tests
"Chars.EmbeddedNulCounts" start time: Jun 09 21:11 CEST
Output:
----------------------------------------------------------
Running main() from /mnt/c/Users/jikro/CLionProjects/qwc/thirdparty/googletest/googletest/src/gtest_main.cc
Note: Google Test filter = Chars.EmbeddedNulCounts
[==========] Running 1 test from 1 test suite.
[----------] Global test environment set-up.
[----------] 1 test from Chars
[ RUN      ] Chars.EmbeddedNulCounts
[       OK ] Chars.EmbeddedNulCounts (0 ms)
[----------] 1 test from Chars (0 ms total)

[----------] Global test environment tear-down
[==========] 1 test from 1 test suite ran. (0 ms total)
[  PASSED  ] 1 test.
<end of output>
Test time =   0.01 sec
----------------------------------------------------------
Test Passed.
"Chars.EmbeddedNulCounts" end time: Jun 09 21:11 CEST
"Chars.EmbeddedNulCounts" time elapsed: 00:00:00
----------------------------------------------------------

44/179 Testing: Chars.TwoByteCodePoint
44/179 Test: Chars.TwoByteCodePoint
Command: "/mnt/c/Users/jikro/CLionProjects/qwc/build-wsl/tests/qwc_tests" "--gtest_filter=Chars.TwoByteCodePoint" "--gtest_also_run_disabled_tests"
Directory: /mnt/c/Users/jikro/CLionProjects/qwc/build-wsl/tests
"Chars.TwoByteCodePoint" start time: Jun 09 21:11 CEST
Output:
----------------------------------------------------------
Running main() from /mnt/c/Users/jikro/CLionProjects/qwc/thirdparty/googletest/googletest/src/gtest_main.cc
Note: Google Test filter = Chars.TwoByteCodePoint
[==========] Running 1 test from 1 test suite.
[----------] Global test environment set-up.
[----------] 1 test from Chars
[ RUN      ] Chars.TwoByteCodePoint
[       OK ] Chars.TwoByteCodePoint (0 ms)
[----------] 1 test from Chars (0 ms total)

[----------] Global test environment tear-down
[==========] 1 test from 1 test suite ran. (0 ms total)
[  PASSED  ] 1 test.
<end of output>
Test time =   0.01 sec
----------------------------------------------------------
Test Passed.
"Chars.TwoByteCodePoint" end time: Jun 09 21:11 CEST
"Chars.TwoByteCodePoint" time elapsed: 00:00:00
----------------------------------------------------------

45/179 Testing: Chars.ThreeByteCodePoint
45/179 Test: Chars.ThreeByteCodePoint
Command: "/mnt/c/Users/jikro/CLionProjects/qwc/build-wsl/tests/qwc_tests" "--gtest_filter=Chars.ThreeByteCodePoint" "--gtest_also_run_disabled_tests"
Directory: /mnt/c/Users/jikro/CLionProjects/qwc/build-wsl/tests
"Chars.ThreeByteCodePoint" start time: Jun 09 21:11 CEST
Output:
----------------------------------------------------------
Running main() from /mnt/c/Users/jikro/CLionProjects/qwc/thirdparty/googletest/googletest/src/gtest_main.cc
Note: Google Test filter = Chars.ThreeByteCodePoint
[==========] Running 1 test from 1 test suite.
[----------] Global test environment set-up.
[----------] 1 test from Chars
[ RUN      ] Chars.ThreeByteCodePoint
[       OK ] Chars.ThreeByteCodePoint (0 ms)
[----------] 1 test from Chars (0 ms total)

[----------] Global test environment tear-down
[==========] 1 test from 1 test suite ran. (0 ms total)
[  PASSED  ] 1 test.
<end of output>
Test time =   0.01 sec
----------------------------------------------------------
Test Passed.
"Chars.ThreeByteCodePoint" end time: Jun 09 21:11 CEST
"Chars.ThreeByteCodePoint" time elapsed: 00:00:00
----------------------------------------------------------

46/179 Testing: Chars.FourByteCodePoint
46/179 Test: Chars.FourByteCodePoint
Command: "/mnt/c/Users/jikro/CLionProjects/qwc/build-wsl/tests/qwc_tests" "--gtest_filter=Chars.FourByteCodePoint" "--gtest_also_run_disabled_tests"
Directory: /mnt/c/Users/jikro/CLionProjects/qwc/build-wsl/tests
"Chars.FourByteCodePoint" start time: Jun 09 21:11 CEST
Output:
----------------------------------------------------------
Running main() from /mnt/c/Users/jikro/CLionProjects/qwc/thirdparty/googletest/googletest/src/gtest_main.cc
Note: Google Test filter = Chars.FourByteCodePoint
[==========] Running 1 test from 1 test suite.
[----------] Global test environment set-up.
[----------] 1 test from Chars
[ RUN      ] Chars.FourByteCodePoint
[       OK ] Chars.FourByteCodePoint (0 ms)
[----------] 1 test from Chars (0 ms total)

[----------] Global test environment tear-down
[==========] 1 test from 1 test suite ran. (0 ms total)
[  PASSED  ] 1 test.
<end of output>
Test time =   0.01 sec
----------------------------------------------------------
Test Passed.
"Chars.FourByteCodePoint" end time: Jun 09 21:11 CEST
"Chars.FourByteCodePoint" time elapsed: 00:00:00
----------------------------------------------------------

47/179 Testing: Chars.MixedAsciiAndMultibyte
47/179 Test: Chars.MixedAsciiAndMultibyte
Command: "/mnt/c/Users/jikro/CLionProjects/qwc/build-wsl/tests/qwc_tests" "--gtest_filter=Chars.MixedAsciiAndMultibyte" "--gtest_also_run_disabled_tests"
Directory: /mnt/c/Users/jikro/CLionProjects/qwc/build-wsl/tests
"Chars.MixedAsciiAndMultibyte" start time: Jun 09 21:11 CEST
Output:
----------------------------------------------------------
Running main() from /mnt/c/Users/jikro/CLionProjects/qwc/thirdparty/googletest/googletest/src/gtest_main.cc
Note: Google Test filter = Chars.MixedAsciiAndMultibyte
[==========] Running 1 test from 1 test suite.
[----------] Global test environment set-up.
[----------] 1 test from Chars
[ RUN      ] Chars.MixedAsciiAndMultibyte
[       OK ] Chars.MixedAsciiAndMultibyte (0 ms)
[----------] 1 test from Chars (0 ms total)

[----------] Global test environment tear-down
[==========] 1 test from 1 test suite ran. (0 ms total)
[  PASSED  ] 1 test.
<end of output>
Test time =   0.01 sec
----------------------------------------------------------
Test Passed.
"Chars.MixedAsciiAndMultibyte" end time: Jun 09 21:11 CEST
"Chars.MixedAsciiAndMultibyte" time elapsed: 00:00:00
----------------------------------------------------------

48/179 Testing: Chars.SplitInsideMultibyteDoesNotMiscount
48/179 Test: Chars.SplitInsideMultibyteDoesNotMiscount
Command: "/mnt/c/Users/jikro/CLionProjects/qwc/build-wsl/tests/qwc_tests" "--gtest_filter=Chars.SplitInsideMultibyteDoesNotMiscount" "--gtest_also_run_disabled_tests"
Directory: /mnt/c/Users/jikro/CLionProjects/qwc/build-wsl/tests
"Chars.SplitInsideMultibyteDoesNotMiscount" start time: Jun 09 21:11 CEST
Output:
----------------------------------------------------------
Running main() from /mnt/c/Users/jikro/CLionProjects/qwc/thirdparty/googletest/googletest/src/gtest_main.cc
Note: Google Test filter = Chars.SplitInsideMultibyteDoesNotMiscount
[==========] Running 1 test from 1 test suite.
[----------] Global test environment set-up.
[----------] 1 test from Chars
[ RUN      ] Chars.SplitInsideMultibyteDoesNotMiscount
[       OK ] Chars.SplitInsideMultibyteDoesNotMiscount (0 ms)
[----------] 1 test from Chars (0 ms total)

[----------] Global test environment tear-down
[==========] 1 test from 1 test suite ran. (0 ms total)
[  PASSED  ] 1 test.
<end of output>
Test time =   0.01 sec
----------------------------------------------------------
Test Passed.
"Chars.SplitInsideMultibyteDoesNotMiscount" end time: Jun 09 21:11 CEST
"Chars.SplitInsideMultibyteDoesNotMiscount" time elapsed: 00:00:00
----------------------------------------------------------

49/179 Testing: Chars.ChunkedMatchesWholeMixed
49/179 Test: Chars.ChunkedMatchesWholeMixed
Command: "/mnt/c/Users/jikro/CLionProjects/qwc/build-wsl/tests/qwc_tests" "--gtest_filter=Chars.ChunkedMatchesWholeMixed" "--gtest_also_run_disabled_tests"
Directory: /mnt/c/Users/jikro/CLionProjects/qwc/build-wsl/tests
"Chars.ChunkedMatchesWholeMixed" start time: Jun 09 21:11 CEST
Output:
----------------------------------------------------------
Running main() from /mnt/c/Users/jikro/CLionProjects/qwc/thirdparty/googletest/googletest/src/gtest_main.cc
Note: Google Test filter = Chars.ChunkedMatchesWholeMixed
[==========] Running 1 test from 1 test suite.
[----------] Global test environment set-up.
[----------] 1 test from Chars
[ RUN      ] Chars.ChunkedMatchesWholeMixed
[       OK ] Chars.ChunkedMatchesWholeMixed (0 ms)
[----------] 1 test from Chars (0 ms total)

[----------] Global test environment tear-down
[==========] 1 test from 1 test suite ran. (0 ms total)
[  PASSED  ] 1 test.
<end of output>
Test time =   0.01 sec
----------------------------------------------------------
Test Passed.
"Chars.ChunkedMatchesWholeMixed" end time: Jun 09 21:11 CEST
"Chars.ChunkedMatchesWholeMixed" time elapsed: 00:00:00
----------------------------------------------------------

50/179 Testing: Chars.FuzzValidUtf8AgainstReference
50/179 Test: Chars.FuzzValidUtf8AgainstReference
Command: "/mnt/c/Users/jikro/CLionProjects/qwc/build-wsl/tests/qwc_tests" "--gtest_filter=Chars.FuzzValidUtf8AgainstReference" "--gtest_also_run_disabled_tests"
Directory: /mnt/c/Users/jikro/CLionProjects/qwc/build-wsl/tests
"Chars.FuzzValidUtf8AgainstReference" start time: Jun 09 21:11 CEST
Output:
----------------------------------------------------------
Running main() from /mnt/c/Users/jikro/CLionProjects/qwc/thirdparty/googletest/googletest/src/gtest_main.cc
Note: Google Test filter = Chars.FuzzValidUtf8AgainstReference
[==========] Running 1 test from 1 test suite.
[----------] Global test environment set-up.
[----------] 1 test from Chars
[ RUN      ] Chars.FuzzValidUtf8AgainstReference
[       OK ] Chars.FuzzValidUtf8AgainstReference (27 ms)
[----------] 1 test from Chars (27 ms total)

[----------] Global test environment tear-down
[==========] 1 test from 1 test suite ran. (27 ms total)
[  PASSED  ] 1 test.
<end of output>
Test time =   0.04 sec
----------------------------------------------------------
Test Passed.
"Chars.FuzzValidUtf8AgainstReference" end time: Jun 09 21:11 CEST
"Chars.FuzzValidUtf8AgainstReference" time elapsed: 00:00:00
----------------------------------------------------------

51/179 Testing: MaxLineLen.EmptyBuffer
51/179 Test: MaxLineLen.EmptyBuffer
Command: "/mnt/c/Users/jikro/CLionProjects/qwc/build-wsl/tests/qwc_tests" "--gtest_filter=MaxLineLen.EmptyBuffer" "--gtest_also_run_disabled_tests"
Directory: /mnt/c/Users/jikro/CLionProjects/qwc/build-wsl/tests
"MaxLineLen.EmptyBuffer" start time: Jun 09 21:11 CEST
Output:
----------------------------------------------------------
Running main() from /mnt/c/Users/jikro/CLionProjects/qwc/thirdparty/googletest/googletest/src/gtest_main.cc
Note: Google Test filter = MaxLineLen.EmptyBuffer
[==========] Running 1 test from 1 test suite.
[----------] Global test environment set-up.
[----------] 1 test from MaxLineLen
[ RUN      ] MaxLineLen.EmptyBuffer
[       OK ] MaxLineLen.EmptyBuffer (0 ms)
[----------] 1 test from MaxLineLen (0 ms total)

[----------] Global test environment tear-down
[==========] 1 test from 1 test suite ran. (0 ms total)
[  PASSED  ] 1 test.
<end of output>
Test time =   0.01 sec
----------------------------------------------------------
Test Passed.
"MaxLineLen.EmptyBuffer" end time: Jun 09 21:11 CEST
"MaxLineLen.EmptyBuffer" time elapsed: 00:00:00
----------------------------------------------------------

52/179 Testing: MaxLineLen.ZeroLengthIgnoresPointer
52/179 Test: MaxLineLen.ZeroLengthIgnoresPointer
Command: "/mnt/c/Users/jikro/CLionProjects/qwc/build-wsl/tests/qwc_tests" "--gtest_filter=MaxLineLen.ZeroLengthIgnoresPointer" "--gtest_also_run_disabled_tests"
Directory: /mnt/c/Users/jikro/CLionProjects/qwc/build-wsl/tests
"MaxLineLen.ZeroLengthIgnoresPointer" start time: Jun 09 21:11 CEST
Output:
----------------------------------------------------------
Running main() from /mnt/c/Users/jikro/CLionProjects/qwc/thirdparty/googletest/googletest/src/gtest_main.cc
Note: Google Test filter = MaxLineLen.ZeroLengthIgnoresPointer
[==========] Running 1 test from 1 test suite.
[----------] Global test environment set-up.
[----------] 1 test from MaxLineLen
[ RUN      ] MaxLineLen.ZeroLengthIgnoresPointer
[       OK ] MaxLineLen.ZeroLengthIgnoresPointer (0 ms)
[----------] 1 test from MaxLineLen (0 ms total)

[----------] Global test environment tear-down
[==========] 1 test from 1 test suite ran. (0 ms total)
[  PASSED  ] 1 test.
<end of output>
Test time =   0.01 sec
----------------------------------------------------------
Test Passed.
"MaxLineLen.ZeroLengthIgnoresPointer" end time: Jun 09 21:11 CEST
"MaxLineLen.ZeroLengthIgnoresPointer" time elapsed: 00:00:00
----------------------------------------------------------

53/179 Testing: MaxLineLen.SingleLineNoNewlineNotCounted
53/179 Test: MaxLineLen.SingleLineNoNewlineNotCounted
Command: "/mnt/c/Users/jikro/CLionProjects/qwc/build-wsl/tests/qwc_tests" "--gtest_filter=MaxLineLen.SingleLineNoNewlineNotCounted" "--gtest_also_run_disabled_tests"
Directory: /mnt/c/Users/jikro/CLionProjects/qwc/build-wsl/tests
"MaxLineLen.SingleLineNoNewlineNotCounted" start time: Jun 09 21:11 CEST
Output:
----------------------------------------------------------
Running main() from /mnt/c/Users/jikro/CLionProjects/qwc/thirdparty/googletest/googletest/src/gtest_main.cc
Note: Google Test filter = MaxLineLen.SingleLineNoNewlineNotCounted
[==========] Running 1 test from 1 test suite.
[----------] Global test environment set-up.
[----------] 1 test from MaxLineLen
[ RUN      ] MaxLineLen.SingleLineNoNewlineNotCounted
[       OK ] MaxLineLen.SingleLineNoNewlineNotCounted (0 ms)
[----------] 1 test from MaxLineLen (0 ms total)

[----------] Global test environment tear-down
[==========] 1 test from 1 test suite ran. (0 ms total)
[  PASSED  ] 1 test.
<end of output>
Test time =   0.01 sec
----------------------------------------------------------
Test Passed.
"MaxLineLen.SingleLineNoNewlineNotCounted" end time: Jun 09 21:11 CEST
"MaxLineLen.SingleLineNoNewlineNotCounted" time elapsed: 00:00:00
----------------------------------------------------------

54/179 Testing: MaxLineLen.TrailingNewlineExcluded
54/179 Test: MaxLineLen.TrailingNewlineExcluded
Command: "/mnt/c/Users/jikro/CLionProjects/qwc/build-wsl/tests/qwc_tests" "--gtest_filter=MaxLineLen.TrailingNewlineExcluded" "--gtest_also_run_disabled_tests"
Directory: /mnt/c/Users/jikro/CLionProjects/qwc/build-wsl/tests
"MaxLineLen.TrailingNewlineExcluded" start time: Jun 09 21:11 CEST
Output:
----------------------------------------------------------
Running main() from /mnt/c/Users/jikro/CLionProjects/qwc/thirdparty/googletest/googletest/src/gtest_main.cc
Note: Google Test filter = MaxLineLen.TrailingNewlineExcluded
[==========] Running 1 test from 1 test suite.
[----------] Global test environment set-up.
[----------] 1 test from MaxLineLen
[ RUN      ] MaxLineLen.TrailingNewlineExcluded
[       OK ] MaxLineLen.TrailingNewlineExcluded (0 ms)
[----------] 1 test from MaxLineLen (0 ms total)

[----------] Global test environment tear-down
[==========] 1 test from 1 test suite ran. (0 ms total)
[  PASSED  ] 1 test.
<end of output>
Test time =   0.02 sec
----------------------------------------------------------
Test Passed.
"MaxLineLen.TrailingNewlineExcluded" end time: Jun 09 21:11 CEST
"MaxLineLen.TrailingNewlineExcluded" time elapsed: 00:00:00
----------------------------------------------------------

55/179 Testing: MaxLineLen.BlankLineIsZero
55/179 Test: MaxLineLen.BlankLineIsZero
Command: "/mnt/c/Users/jikro/CLionProjects/qwc/build-wsl/tests/qwc_tests" "--gtest_filter=MaxLineLen.BlankLineIsZero" "--gtest_also_run_disabled_tests"
Directory: /mnt/c/Users/jikro/CLionProjects/qwc/build-wsl/tests
"MaxLineLen.BlankLineIsZero" start time: Jun 09 21:11 CEST
Output:
----------------------------------------------------------
Running main() from /mnt/c/Users/jikro/CLionProjects/qwc/thirdparty/googletest/googletest/src/gtest_main.cc
Note: Google Test filter = MaxLineLen.BlankLineIsZero
[==========] Running 1 test from 1 test suite.
[----------] Global test environment set-up.
[----------] 1 test from MaxLineLen
[ RUN      ] MaxLineLen.BlankLineIsZero
[       OK ] MaxLineLen.BlankLineIsZero (0 ms)
[----------] 1 test from MaxLineLen (0 ms total)

[----------] Global test environment tear-down
[==========] 1 test from 1 test suite ran. (0 ms total)
[  PASSED  ] 1 test.
<end of output>
Test time =   0.02 sec
----------------------------------------------------------
Test Passed.
"MaxLineLen.BlankLineIsZero" end time: Jun 09 21:11 CEST
"MaxLineLen.BlankLineIsZero" time elapsed: 00:00:00
----------------------------------------------------------

56/179 Testing: MaxLineLen.LongestAmongSeveral
56/179 Test: MaxLineLen.LongestAmongSeveral
Command: "/mnt/c/Users/jikro/CLionProjects/qwc/build-wsl/tests/qwc_tests" "--gtest_filter=MaxLineLen.LongestAmongSeveral" "--gtest_also_run_disabled_tests"
Directory: /mnt/c/Users/jikro/CLionProjects/qwc/build-wsl/tests
"MaxLineLen.LongestAmongSeveral" start time: Jun 09 21:11 CEST
Output:
----------------------------------------------------------
Running main() from /mnt/c/Users/jikro/CLionProjects/qwc/thirdparty/googletest/googletest/src/gtest_main.cc
Note: Google Test filter = MaxLineLen.LongestAmongSeveral
[==========] Running 1 test from 1 test suite.
[----------] Global test environment set-up.
[----------] 1 test from MaxLineLen
[ RUN      ] MaxLineLen.LongestAmongSeveral
[       OK ] MaxLineLen.LongestAmongSeveral (0 ms)
[----------] 1 test from MaxLineLen (0 ms total)

[----------] Global test environment tear-down
[==========] 1 test from 1 test suite ran. (0 ms total)
[  PASSED  ] 1 test.
<end of output>
Test time =   0.01 sec
----------------------------------------------------------
Test Passed.
"MaxLineLen.LongestAmongSeveral" end time: Jun 09 21:11 CEST
"MaxLineLen.LongestAmongSeveral" time elapsed: 00:00:00
----------------------------------------------------------

57/179 Testing: MaxLineLen.UnterminatedFinalLineIgnored
57/179 Test: MaxLineLen.UnterminatedFinalLineIgnored
Command: "/mnt/c/Users/jikro/CLionProjects/qwc/build-wsl/tests/qwc_tests" "--gtest_filter=MaxLineLen.UnterminatedFinalLineIgnored" "--gtest_also_run_disabled_tests"
Directory: /mnt/c/Users/jikro/CLionProjects/qwc/build-wsl/tests
"MaxLineLen.UnterminatedFinalLineIgnored" start time: Jun 09 21:11 CEST
Output:
----------------------------------------------------------
Running main() from /mnt/c/Users/jikro/CLionProjects/qwc/thirdparty/googletest/googletest/src/gtest_main.cc
Note: Google Test filter = MaxLineLen.UnterminatedFinalLineIgnored
[==========] Running 1 test from 1 test suite.
[----------] Global test environment set-up.
[----------] 1 test from MaxLineLen
[ RUN      ] MaxLineLen.UnterminatedFinalLineIgnored
[       OK ] MaxLineLen.UnterminatedFinalLineIgnored (0 ms)
[----------] 1 test from MaxLineLen (0 ms total)

[----------] Global test environment tear-down
[==========] 1 test from 1 test suite ran. (0 ms total)
[  PASSED  ] 1 test.
<end of output>
Test time =   0.01 sec
----------------------------------------------------------
Test Passed.
"MaxLineLen.UnterminatedFinalLineIgnored" end time: Jun 09 21:11 CEST
"MaxLineLen.UnterminatedFinalLineIgnored" time elapsed: 00:00:00
----------------------------------------------------------

58/179 Testing: MaxLineLen.TabsAndControlBytesCountAsOne
58/179 Test: MaxLineLen.TabsAndControlBytesCountAsOne
Command: "/mnt/c/Users/jikro/CLionProjects/qwc/build-wsl/tests/qwc_tests" "--gtest_filter=MaxLineLen.TabsAndControlBytesCountAsOne" "--gtest_also_run_disabled_tests"
Directory: /mnt/c/Users/jikro/CLionProjects/qwc/build-wsl/tests
"MaxLineLen.TabsAndControlBytesCountAsOne" start time: Jun 09 21:11 CEST
Output:
----------------------------------------------------------
Running main() from /mnt/c/Users/jikro/CLionProjects/qwc/thirdparty/googletest/googletest/src/gtest_main.cc
Note: Google Test filter = MaxLineLen.TabsAndControlBytesCountAsOne
[==========] Running 1 test from 1 test suite.
[----------] Global test environment set-up.
[----------] 1 test from MaxLineLen
[ RUN      ] MaxLineLen.TabsAndControlBytesCountAsOne
[       OK ] MaxLineLen.TabsAndControlBytesCountAsOne (0 ms)
[----------] 1 test from MaxLineLen (0 ms total)

[----------] Global test environment tear-down
[==========] 1 test from 1 test suite ran. (0 ms total)
[  PASSED  ] 1 test.
<end of output>
Test time =   0.01 sec
----------------------------------------------------------
Test Passed.
"MaxLineLen.TabsAndControlBytesCountAsOne" end time: Jun 09 21:11 CEST
"MaxLineLen.TabsAndControlBytesCountAsOne" time elapsed: 00:00:00
----------------------------------------------------------

59/179 Testing: MaxLineLen.CarriageReturnCounts
59/179 Test: MaxLineLen.CarriageReturnCounts
Command: "/mnt/c/Users/jikro/CLionProjects/qwc/build-wsl/tests/qwc_tests" "--gtest_filter=MaxLineLen.CarriageReturnCounts" "--gtest_also_run_disabled_tests"
Directory: /mnt/c/Users/jikro/CLionProjects/qwc/build-wsl/tests
"MaxLineLen.CarriageReturnCounts" start time: Jun 09 21:11 CEST
Output:
----------------------------------------------------------
Running main() from /mnt/c/Users/jikro/CLionProjects/qwc/thirdparty/googletest/googletest/src/gtest_main.cc
Note: Google Test filter = MaxLineLen.CarriageReturnCounts
[==========] Running 1 test from 1 test suite.
[----------] Global test environment set-up.
[----------] 1 test from MaxLineLen
[ RUN      ] MaxLineLen.CarriageReturnCounts
[       OK ] MaxLineLen.CarriageReturnCounts (0 ms)
[----------] 1 test from MaxLineLen (0 ms total)

[----------] Global test environment tear-down
[==========] 1 test from 1 test suite ran. (0 ms total)
[  PASSED  ] 1 test.
<end of output>
Test time =   0.01 sec
----------------------------------------------------------
Test Passed.
"MaxLineLen.CarriageReturnCounts" end time: Jun 09 21:11 CEST
"MaxLineLen.CarriageReturnCounts" time elapsed: 00:00:00
----------------------------------------------------------

60/179 Testing: MaxLineLen.EmbeddedNulCounts
60/179 Test: MaxLineLen.EmbeddedNulCounts
Command: "/mnt/c/Users/jikro/CLionProjects/qwc/build-wsl/tests/qwc_tests" "--gtest_filter=MaxLineLen.EmbeddedNulCounts" "--gtest_also_run_disabled_tests"
Directory: /mnt/c/Users/jikro/CLionProjects/qwc/build-wsl/tests
"MaxLineLen.EmbeddedNulCounts" start time: Jun 09 21:11 CEST
Output:
----------------------------------------------------------
Running main() from /mnt/c/Users/jikro/CLionProjects/qwc/thirdparty/googletest/googletest/src/gtest_main.cc
Note: Google Test filter = MaxLineLen.EmbeddedNulCounts
[==========] Running 1 test from 1 test suite.
[----------] Global test environment set-up.
[----------] 1 test from MaxLineLen
[ RUN      ] MaxLineLen.EmbeddedNulCounts
[       OK ] MaxLineLen.EmbeddedNulCounts (0 ms)
[----------] 1 test from MaxLineLen (0 ms total)

[----------] Global test environment tear-down
[==========] 1 test from 1 test suite ran. (0 ms total)
[  PASSED  ] 1 test.
<end of output>
Test time =   0.01 sec
----------------------------------------------------------
Test Passed.
"MaxLineLen.EmbeddedNulCounts" end time: Jun 09 21:11 CEST
"MaxLineLen.EmbeddedNulCounts" time elapsed: 00:00:00
----------------------------------------------------------

61/179 Testing: MaxLineLen.CarryAcrossBuffersMatchesWhole
61/179 Test: MaxLineLen.CarryAcrossBuffersMatchesWhole
Command: "/mnt/c/Users/jikro/CLionProjects/qwc/build-wsl/tests/qwc_tests" "--gtest_filter=MaxLineLen.CarryAcrossBuffersMatchesWhole" "--gtest_also_run_disabled_tests"
Directory: /mnt/c/Users/jikro/CLionProjects/qwc/build-wsl/tests
"MaxLineLen.CarryAcrossBuffersMatchesWhole" start time: Jun 09 21:11 CEST
Output:
----------------------------------------------------------
Running main() from /mnt/c/Users/jikro/CLionProjects/qwc/thirdparty/googletest/googletest/src/gtest_main.cc
Note: Google Test filter = MaxLineLen.CarryAcrossBuffersMatchesWhole
[==========] Running 1 test from 1 test suite.
[----------] Global test environment set-up.
[----------] 1 test from MaxLineLen
[ RUN      ] MaxLineLen.CarryAcrossBuffersMatchesWhole
[       OK ] MaxLineLen.CarryAcrossBuffersMatchesWhole (0 ms)
[----------] 1 test from MaxLineLen (0 ms total)

[----------] Global test environment tear-down
[==========] 1 test from 1 test suite ran. (0 ms total)
[  PASSED  ] 1 test.
<end of output>
Test time =   0.02 sec
----------------------------------------------------------
Test Passed.
"MaxLineLen.CarryAcrossBuffersMatchesWhole" end time: Jun 09 21:11 CEST
"MaxLineLen.CarryAcrossBuffersMatchesWhole" time elapsed: 00:00:00
----------------------------------------------------------

62/179 Testing: MaxLineLen.SplitInsideLongLineDoesNotMiscount
62/179 Test: MaxLineLen.SplitInsideLongLineDoesNotMiscount
Command: "/mnt/c/Users/jikro/CLionProjects/qwc/build-wsl/tests/qwc_tests" "--gtest_filter=MaxLineLen.SplitInsideLongLineDoesNotMiscount" "--gtest_also_run_disabled_tests"
Directory: /mnt/c/Users/jikro/CLionProjects/qwc/build-wsl/tests
"MaxLineLen.SplitInsideLongLineDoesNotMiscount" start time: Jun 09 21:11 CEST
Output:
----------------------------------------------------------
Running main() from /mnt/c/Users/jikro/CLionProjects/qwc/thirdparty/googletest/googletest/src/gtest_main.cc
Note: Google Test filter = MaxLineLen.SplitInsideLongLineDoesNotMiscount
[==========] Running 1 test from 1 test suite.
[----------] Global test environment set-up.
[----------] 1 test from MaxLineLen
[ RUN      ] MaxLineLen.SplitInsideLongLineDoesNotMiscount
[       OK ] MaxLineLen.SplitInsideLongLineDoesNotMiscount (0 ms)
[----------] 1 test from MaxLineLen (0 ms total)

[----------] Global test environment tear-down
[==========] 1 test from 1 test suite ran. (0 ms total)
[  PASSED  ] 1 test.
<end of output>
Test time =   0.01 sec
----------------------------------------------------------
Test Passed.
"MaxLineLen.SplitInsideLongLineDoesNotMiscount" end time: Jun 09 21:11 CEST
"MaxLineLen.SplitInsideLongLineDoesNotMiscount" time elapsed: 00:00:00
----------------------------------------------------------

63/179 Testing: MaxLineLen.FuzzAgainstReference
63/179 Test: MaxLineLen.FuzzAgainstReference
Command: "/mnt/c/Users/jikro/CLionProjects/qwc/build-wsl/tests/qwc_tests" "--gtest_filter=MaxLineLen.FuzzAgainstReference" "--gtest_also_run_disabled_tests"
Directory: /mnt/c/Users/jikro/CLionProjects/qwc/build-wsl/tests
"MaxLineLen.FuzzAgainstReference" start time: Jun 09 21:11 CEST
Output:
----------------------------------------------------------
Running main() from /mnt/c/Users/jikro/CLionProjects/qwc/thirdparty/googletest/googletest/src/gtest_main.cc
Note: Google Test filter = MaxLineLen.FuzzAgainstReference
[==========] Running 1 test from 1 test suite.
[----------] Global test environment set-up.
[----------] 1 test from MaxLineLen
[ RUN      ] MaxLineLen.FuzzAgainstReference
[       OK ] MaxLineLen.FuzzAgainstReference (55 ms)
[...]

[----------] Global test environment tear-down
[==========] 1 test from 1 test suite ran. (17 ms total)
[  PASSED  ] 1 test.
<end of output>
Test time =   0.03 sec
----------------------------------------------------------
Test Passed.
"CliSortByCount.SingleFileNoTotalLine" end time: Jun 09 21:11 CEST
"CliSortByCount.SingleFileNoTotalLine" time elapsed: 00:00:00
----------------------------------------------------------

165/179 Testing: CliSort.ByNameAlphabetical
165/179 Test: CliSort.ByNameAlphabetical
Command: "/mnt/c/Users/jikro/CLionProjects/qwc/build-wsl/tests/qwc_tests" "--gtest_filter=CliSort.ByNameAlphabetical" "--gtest_also_run_disabled_tests"
Directory: /mnt/c/Users/jikro/CLionProjects/qwc/build-wsl/tests
"CliSort.ByNameAlphabetical" start time: Jun 09 21:11 CEST
Output:
----------------------------------------------------------
Running main() from /mnt/c/Users/jikro/CLionProjects/qwc/thirdparty/googletest/googletest/src/gtest_main.cc
Note: Google Test filter = CliSort.ByNameAlphabetical
[==========] Running 1 test from 1 test suite.
[----------] Global test environment set-up.
[----------] 1 test from CliSort
[ RUN      ] CliSort.ByNameAlphabetical
[       OK ] CliSort.ByNameAlphabetical (24 ms)
[----------] 1 test from CliSort (24 ms total)

[----------] Global test environment tear-down
[==========] 1 test from 1 test suite ran. (24 ms total)
[  PASSED  ] 1 test.
<end of output>
Test time =   0.04 sec
----------------------------------------------------------
Test Passed.
"CliSort.ByNameAlphabetical" end time: Jun 09 21:11 CEST
"CliSort.ByNameAlphabetical" time elapsed: 00:00:00
----------------------------------------------------------

166/179 Testing: CliSort.BySizeAscending
166/179 Test: CliSort.BySizeAscending
Command: "/mnt/c/Users/jikro/CLionProjects/qwc/build-wsl/tests/qwc_tests" "--gtest_filter=CliSort.BySizeAscending" "--gtest_also_run_disabled_tests"
Directory: /mnt/c/Users/jikro/CLionProjects/qwc/build-wsl/tests
"CliSort.BySizeAscending" start time: Jun 09 21:11 CEST
Output:
----------------------------------------------------------
Running main() from /mnt/c/Users/jikro/CLionProjects/qwc/thirdparty/googletest/googletest/src/gtest_main.cc
Note: Google Test filter = CliSort.BySizeAscending
[==========] Running 1 test from 1 test suite.
[----------] Global test environment set-up.
[----------] 1 test from CliSort
[ RUN      ] CliSort.BySizeAscending
[       OK ] CliSort.BySizeAscending (24 ms)
[----------] 1 test from CliSort (24 ms total)

[----------] Global test environment tear-down
[==========] 1 test from 1 test suite ran. (24 ms total)
[  PASSED  ] 1 test.
<end of output>
Test time =   0.04 sec
----------------------------------------------------------
Test Passed.
"CliSort.BySizeAscending" end time: Jun 09 21:11 CEST
"CliSort.BySizeAscending" time elapsed: 00:00:00
----------------------------------------------------------

167/179 Testing: CliReverse.FlipsCountOrderBiggestFirst
167/179 Test: CliReverse.FlipsCountOrderBiggestFirst
Command: "/mnt/c/Users/jikro/CLionProjects/qwc/build-wsl/tests/qwc_tests" "--gtest_filter=CliReverse.FlipsCountOrderBiggestFirst" "--gtest_also_run_disabled_tests"
Directory: /mnt/c/Users/jikro/CLionProjects/qwc/build-wsl/tests
"CliReverse.FlipsCountOrderBiggestFirst" start time: Jun 09 21:11 CEST
Output:
----------------------------------------------------------
Running main() from /mnt/c/Users/jikro/CLionProjects/qwc/thirdparty/googletest/googletest/src/gtest_main.cc
Note: Google Test filter = CliReverse.FlipsCountOrderBiggestFirst
[==========] Running 1 test from 1 test suite.
[----------] Global test environment set-up.
[----------] 1 test from CliReverse
[ RUN      ] CliReverse.FlipsCountOrderBiggestFirst
[       OK ] CliReverse.FlipsCountOrderBiggestFirst (24 ms)
[----------] 1 test from CliReverse (24 ms total)

[----------] Global test environment tear-down
[==========] 1 test from 1 test suite ran. (24 ms total)
[  PASSED  ] 1 test.
<end of output>
Test time =   0.04 sec
----------------------------------------------------------
Test Passed.
"CliReverse.FlipsCountOrderBiggestFirst" end time: Jun 09 21:11 CEST
"CliReverse.FlipsCountOrderBiggestFirst" time elapsed: 00:00:00
----------------------------------------------------------

168/179 Testing: CliReverse.AloneFlipsDefaultAlphabetical
168/179 Test: CliReverse.AloneFlipsDefaultAlphabetical
Command: "/mnt/c/Users/jikro/CLionProjects/qwc/build-wsl/tests/qwc_tests" "--gtest_filter=CliReverse.AloneFlipsDefaultAlphabetical" "--gtest_also_run_disabled_tests"
Directory: /mnt/c/Users/jikro/CLionProjects/qwc/build-wsl/tests
"CliReverse.AloneFlipsDefaultAlphabetical" start time: Jun 09 21:11 CEST
Output:
----------------------------------------------------------
Running main() from /mnt/c/Users/jikro/CLionProjects/qwc/thirdparty/googletest/googletest/src/gtest_main.cc
Note: Google Test filter = CliReverse.AloneFlipsDefaultAlphabetical
[==========] Running 1 test from 1 test suite.
[----------] Global test environment set-up.
[----------] 1 test from CliReverse
[ RUN      ] CliReverse.AloneFlipsDefaultAlphabetical
[       OK ] CliReverse.AloneFlipsDefaultAlphabetical (23 ms)
[----------] 1 test from CliReverse (24 ms total)

[----------] Global test environment tear-down
[==========] 1 test from 1 test suite ran. (24 ms total)
[  PASSED  ] 1 test.
<end of output>
Test time =   0.04 sec
----------------------------------------------------------
Test Passed.
"CliReverse.AloneFlipsDefaultAlphabetical" end time: Jun 09 21:11 CEST
"CliReverse.AloneFlipsDefaultAlphabetical" time elapsed: 00:00:00
----------------------------------------------------------

169/179 Testing: CliTop.KeepsLargestByCountAscending
169/179 Test: CliTop.KeepsLargestByCountAscending
Command: "/mnt/c/Users/jikro/CLionProjects/qwc/build-wsl/tests/qwc_tests" "--gtest_filter=CliTop.KeepsLargestByCountAscending" "--gtest_also_run_disabled_tests"
Directory: /mnt/c/Users/jikro/CLionProjects/qwc/build-wsl/tests
"CliTop.KeepsLargestByCountAscending" start time: Jun 09 21:11 CEST
Output:
----------------------------------------------------------
Running main() from /mnt/c/Users/jikro/CLionProjects/qwc/thirdparty/googletest/googletest/src/gtest_main.cc
Note: Google Test filter = CliTop.KeepsLargestByCountAscending
[==========] Running 1 test from 1 test suite.
[----------] Global test environment set-up.
[----------] 1 test from CliTop
[ RUN      ] CliTop.KeepsLargestByCountAscending
[       OK ] CliTop.KeepsLargestByCountAscending (24 ms)
[----------] 1 test from CliTop (24 ms total)

[----------] Global test environment tear-down
[==========] 1 test from 1 test suite ran. (24 ms total)
[  PASSED  ] 1 test.
<end of output>
Test time =   0.04 sec
----------------------------------------------------------
Test Passed.
"CliTop.KeepsLargestByCountAscending" end time: Jun 09 21:11 CEST
"CliTop.KeepsLargestByCountAscending" time elapsed: 00:00:00
----------------------------------------------------------

170/179 Testing: CliTop.WithReverseBiggestFirst
170/179 Test: CliTop.WithReverseBiggestFirst
Command: "/mnt/c/Users/jikro/CLionProjects/qwc/build-wsl/tests/qwc_tests" "--gtest_filter=CliTop.WithReverseBiggestFirst" "--gtest_also_run_disabled_tests"
Directory: /mnt/c/Users/jikro/CLionProjects/qwc/build-wsl/tests
"CliTop.WithReverseBiggestFirst" start time: Jun 09 21:11 CEST
Output:
----------------------------------------------------------
Running main() from /mnt/c/Users/jikro/CLionProjects/qwc/thirdparty/googletest/googletest/src/gtest_main.cc
Note: Google Test filter = CliTop.WithReverseBiggestFirst
[==========] Running 1 test from 1 test suite.
[----------] Global test environment set-up.
[----------] 1 test from CliTop
[ RUN      ] CliTop.WithReverseBiggestFirst
[       OK ] CliTop.WithReverseBiggestFirst (24 ms)
[----------] 1 test from CliTop (24 ms total)

[----------] Global test environment tear-down
[==========] 1 test from 1 test suite ran. (24 ms total)
[  PASSED  ] 1 test.
<end of output>
Test time =   0.04 sec
----------------------------------------------------------
Test Passed.
"CliTop.WithReverseBiggestFirst" end time: Jun 09 21:11 CEST
"CliTop.WithReverseBiggestFirst" time elapsed: 00:00:00
----------------------------------------------------------

171/179 Testing: CliTop.OneFileTotalStillCoversAll
171/179 Test: CliTop.OneFileTotalStillCoversAll
Command: "/mnt/c/Users/jikro/CLionProjects/qwc/build-wsl/tests/qwc_tests" "--gtest_filter=CliTop.OneFileTotalStillCoversAll" "--gtest_also_run_disabled_tests"
Directory: /mnt/c/Users/jikro/CLionProjects/qwc/build-wsl/tests
"CliTop.OneFileTotalStillCoversAll" start time: Jun 09 21:11 CEST
Output:
----------------------------------------------------------
Running main() from /mnt/c/Users/jikro/CLionProjects/qwc/thirdparty/googletest/googletest/src/gtest_main.cc
Note: Google Test filter = CliTop.OneFileTotalStillCoversAll
[==========] Running 1 test from 1 test suite.
[----------] Global test environment set-up.
[----------] 1 test from CliTop
[ RUN      ] CliTop.OneFileTotalStillCoversAll
[       OK ] CliTop.OneFileTotalStillCoversAll (23 ms)
[----------] 1 test from CliTop (23 ms total)

[----------] Global test environment tear-down
[==========] 1 test from 1 test suite ran. (24 ms total)
[  PASSED  ] 1 test.
<end of output>
Test time =   0.04 sec
----------------------------------------------------------
Test Passed.
"CliTop.OneFileTotalStillCoversAll" end time: Jun 09 21:11 CEST
"CliTop.OneFileTotalStillCoversAll" time elapsed: 00:00:00
----------------------------------------------------------

172/179 Testing: CliTop.LargerThanCountShowsAll
172/179 Test: CliTop.LargerThanCountShowsAll
Command: "/mnt/c/Users/jikro/CLionProjects/qwc/build-wsl/tests/qwc_tests" "--gtest_filter=CliTop.LargerThanCountShowsAll" "--gtest_also_run_disabled_tests"
Directory: /mnt/c/Users/jikro/CLionProjects/qwc/build-wsl/tests
"CliTop.LargerThanCountShowsAll" start time: Jun 09 21:11 CEST
Output:
----------------------------------------------------------
Running main() from /mnt/c/Users/jikro/CLionProjects/qwc/thirdparty/googletest/googletest/src/gtest_main.cc
Note: Google Test filter = CliTop.LargerThanCountShowsAll
[==========] Running 1 test from 1 test suite.
[----------] Global test environment set-up.
[----------] 1 test from CliTop
[ RUN      ] CliTop.LargerThanCountShowsAll
[       OK ] CliTop.LargerThanCountShowsAll (23 ms)
[----------] 1 test from CliTop (24 ms total)

[----------] Global test environment tear-down
[==========] 1 test from 1 test suite ran. (24 ms total)
[  PASSED  ] 1 test.
<end of output>
Test time =   0.04 sec
----------------------------------------------------------
Test Passed.
"CliTop.LargerThanCountShowsAll" end time: Jun 09 21:11 CEST
"CliTop.LargerThanCountShowsAll" time elapsed: 00:00:00
----------------------------------------------------------

173/179 Testing: CliTop.ComposesWithSortBySize
173/179 Test: CliTop.ComposesWithSortBySize
Command: "/mnt/c/Users/jikro/CLionProjects/qwc/build-wsl/tests/qwc_tests" "--gtest_filter=CliTop.ComposesWithSortBySize" "--gtest_also_run_disabled_tests"
Directory: /mnt/c/Users/jikro/CLionProjects/qwc/build-wsl/tests
"CliTop.ComposesWithSortBySize" start time: Jun 09 21:11 CEST
Output:
----------------------------------------------------------
Running main() from /mnt/c/Users/jikro/CLionProjects/qwc/thirdparty/googletest/googletest/src/gtest_main.cc
Note: Google Test filter = CliTop.ComposesWithSortBySize
[==========] Running 1 test from 1 test suite.
[----------] Global test environment set-up.
[----------] 1 test from CliTop
[ RUN      ] CliTop.ComposesWithSortBySize
[       OK ] CliTop.ComposesWithSortBySize (24 ms)
[----------] 1 test from CliTop (24 ms total)

[----------] Global test environment tear-down
[==========] 1 test from 1 test suite ran. (24 ms total)
[  PASSED  ] 1 test.
<end of output>
Test time =   0.04 sec
----------------------------------------------------------
Test Passed.
"CliTop.ComposesWithSortBySize" end time: Jun 09 21:11 CEST
"CliTop.ComposesWithSortBySize" time elapsed: 00:00:00
----------------------------------------------------------

174/179 Testing: CliTop.ZeroErrors
174/179 Test: CliTop.ZeroErrors
Command: "/mnt/c/Users/jikro/CLionProjects/qwc/build-wsl/tests/qwc_tests" "--gtest_filter=CliTop.ZeroErrors" "--gtest_also_run_disabled_tests"
Directory: /mnt/c/Users/jikro/CLionProjects/qwc/build-wsl/tests
"CliTop.ZeroErrors" start time: Jun 09 21:11 CEST
Output:
----------------------------------------------------------
Running main() from /mnt/c/Users/jikro/CLionProjects/qwc/thirdparty/googletest/googletest/src/gtest_main.cc
Note: Google Test filter = CliTop.ZeroErrors
[==========] Running 1 test from 1 test suite.
[----------] Global test environment set-up.
[----------] 1 test from CliTop
[ RUN      ] CliTop.ZeroErrors
[       OK ] CliTop.ZeroErrors (8 ms)
[----------] 1 test from CliTop (8 ms total)

[----------] Global test environment tear-down
[==========] 1 test from 1 test suite ran. (8 ms total)
[  PASSED  ] 1 test.
<end of output>
Test time =   0.02 sec
----------------------------------------------------------
Test Passed.
"CliTop.ZeroErrors" end time: Jun 09 21:11 CEST
"CliTop.ZeroErrors" time elapsed: 00:00:00
----------------------------------------------------------

175/179 Testing: CliTop.MissingValueErrors
175/179 Test: CliTop.MissingValueErrors
Command: "/mnt/c/Users/jikro/CLionProjects/qwc/build-wsl/tests/qwc_tests" "--gtest_filter=CliTop.MissingValueErrors" "--gtest_also_run_disabled_tests"
Directory: /mnt/c/Users/jikro/CLionProjects/qwc/build-wsl/tests
"CliTop.MissingValueErrors" start time: Jun 09 21:11 CEST
Output:
----------------------------------------------------------
Running main() from /mnt/c/Users/jikro/CLionProjects/qwc/thirdparty/googletest/googletest/src/gtest_main.cc
Note: Google Test filter = CliTop.MissingValueErrors
[==========] Running 1 test from 1 test suite.
[----------] Global test environment set-up.
[----------] 1 test from CliTop
[ RUN      ] CliTop.MissingValueErrors
[       OK ] CliTop.MissingValueErrors (8 ms)
[----------] 1 test from CliTop (8 ms total)

[----------] Global test environment tear-down
[==========] 1 test from 1 test suite ran. (8 ms total)
[  PASSED  ] 1 test.
<end of output>
Test time =   0.02 sec
----------------------------------------------------------
Test Passed.
"CliTop.MissingValueErrors" end time: Jun 09 21:11 CEST
"CliTop.MissingValueErrors" time elapsed: 00:00:00
----------------------------------------------------------

176/179 Testing: CliWcCompat.SingleFileMatchesWc
176/179 Test: CliWcCompat.SingleFileMatchesWc
Command: "/mnt/c/Users/jikro/CLionProjects/qwc/build-wsl/tests/qwc_tests" "--gtest_filter=CliWcCompat.SingleFileMatchesWc" "--gtest_also_run_disabled_tests"
Directory: /mnt/c/Users/jikro/CLionProjects/qwc/build-wsl/tests
"CliWcCompat.SingleFileMatchesWc" start time: Jun 09 21:11 CEST
Output:
----------------------------------------------------------
Running main() from /mnt/c/Users/jikro/CLionProjects/qwc/thirdparty/googletest/googletest/src/gtest_main.cc
Note: Google Test filter = CliWcCompat.SingleFileMatchesWc
[==========] Running 1 test from 1 test suite.
[----------] Global test environment set-up.
[----------] 1 test from CliWcCompat
[ RUN      ] CliWcCompat.SingleFileMatchesWc
[       OK ] CliWcCompat.SingleFileMatchesWc (195 ms)
[----------] 1 test from CliWcCompat (195 ms total)

[----------] Global test environment tear-down
[==========] 1 test from 1 test suite ran. (195 ms total)
[  PASSED  ] 1 test.
<end of output>
Test time =   0.21 sec
----------------------------------------------------------
Test Passed.
"CliWcCompat.SingleFileMatchesWc" end time: Jun 09 21:11 CEST
"CliWcCompat.SingleFileMatchesWc" time elapsed: 00:00:00
----------------------------------------------------------

177/179 Testing: CliWcCompat.StdinMatchesWc
177/179 Test: CliWcCompat.StdinMatchesWc
Command: "/mnt/c/Users/jikro/CLionProjects/qwc/build-wsl/tests/qwc_tests" "--gtest_filter=CliWcCompat.StdinMatchesWc" "--gtest_also_run_disabled_tests"
Directory: /mnt/c/Users/jikro/CLionProjects/qwc/build-wsl/tests
"CliWcCompat.StdinMatchesWc" start time: Jun 09 21:11 CEST
Output:
----------------------------------------------------------
Running main() from /mnt/c/Users/jikro/CLionProjects/qwc/thirdparty/googletest/googletest/src/gtest_main.cc
Note: Google Test filter = CliWcCompat.StdinMatchesWc
[==========] Running 1 test from 1 test suite.
[----------] Global test environment set-up.
[----------] 1 test from CliWcCompat
[ RUN      ] CliWcCompat.StdinMatchesWc
[       OK ] CliWcCompat.StdinMatchesWc (124 ms)
[----------] 1 test from CliWcCompat (124 ms total)

[----------] Global test environment tear-down
[==========] 1 test from 1 test suite ran. (124 ms total)
[  PASSED  ] 1 test.
<end of output>
Test time =   0.14 sec
----------------------------------------------------------
Test Passed.
"CliWcCompat.StdinMatchesWc" end time: Jun 09 21:11 CEST
"CliWcCompat.StdinMatchesWc" time elapsed: 00:00:00
----------------------------------------------------------

178/179 Testing: CliWcCompat.MultibyteCharsMatchWc
178/179 Test: CliWcCompat.MultibyteCharsMatchWc
Command: "/mnt/c/Users/jikro/CLionProjects/qwc/build-wsl/tests/qwc_tests" "--gtest_filter=CliWcCompat.MultibyteCharsMatchWc" "--gtest_also_run_disabled_tests"
Directory: /mnt/c/Users/jikro/CLionProjects/qwc/build-wsl/tests
"CliWcCompat.MultibyteCharsMatchWc" start time: Jun 09 21:11 CEST
Output:
----------------------------------------------------------
Running main() from /mnt/c/Users/jikro/CLionProjects/qwc/thirdparty/googletest/googletest/src/gtest_main.cc
Note: Google Test filter = CliWcCompat.MultibyteCharsMatchWc
[==========] Running 1 test from 1 test suite.
[----------] Global test environment set-up.
[----------] 1 test from CliWcCompat
[ RUN      ] CliWcCompat.MultibyteCharsMatchWc
[       OK ] CliWcCompat.MultibyteCharsMatchWc (22 ms)
[----------] 1 test from CliWcCompat (22 ms total)

[----------] Global test environment tear-down
[==========] 1 test from 1 test suite ran. (22 ms total)
[  PASSED  ] 1 test.
<end of output>
Test time =   0.04 sec
----------------------------------------------------------
Test Passed.
"CliWcCompat.MultibyteCharsMatchWc" end time: Jun 09 21:11 CEST
"CliWcCompat.MultibyteCharsMatchWc" time elapsed: 00:00:00
----------------------------------------------------------

179/179 Testing: CliWcCompat.MultipleFilesMatchWcIncludingTotal
179/179 Test: CliWcCompat.MultipleFilesMatchWcIncludingTotal
Command: "/mnt/c/Users/jikro/CLionProjects/qwc/build-wsl/tests/qwc_tests" "--gtest_filter=CliWcCompat.MultipleFilesMatchWcIncludingTotal" "--gtest_also_run_disabled_tests"
Directory: /mnt/c/Users/jikro/CLionProjects/qwc/build-wsl/tests
"CliWcCompat.MultipleFilesMatchWcIncludingTotal" start time: Jun 09 21:11 CEST
Output:
----------------------------------------------------------
Running main() from /mnt/c/Users/jikro/CLionProjects/qwc/thirdparty/googletest/googletest/src/gtest_main.cc
Note: Google Test filter = CliWcCompat.MultipleFilesMatchWcIncludingTotal
[==========] Running 1 test from 1 test suite.
[----------] Global test environment set-up.
[----------] 1 test from CliWcCompat
[ RUN      ] CliWcCompat.MultipleFilesMatchWcIncludingTotal
[       OK ] CliWcCompat.MultipleFilesMatchWcIncludingTotal (200 ms)
[----------] 1 test from CliWcCompat (200 ms total)

[----------] Global test environment tear-down
[==========] 1 test from 1 test suite ran. (200 ms total)
[  PASSED  ] 1 test.
<end of output>
Test time =   0.22 sec
----------------------------------------------------------
Test Passed.
"CliWcCompat.MultipleFilesMatchWcIncludingTotal" end time: Jun 09 21:11 CEST
"CliWcCompat.MultipleFilesMatchWcIncludingTotal" time elapsed: 00:00:00
----------------------------------------------------------

End testing: Jun 09 21:11 CEST
